{"numFailedTestSuites":2,"numFailedTests":2,"numPassedTestSuites":18,"numPassedTests":278,"numPendingTestSuites":0,"numPendingTests":0,"numRuntimeErrorTestSuites":0,"numTodoTests":0,"numTotalTestSuites":20,"numTotalTests":280,"openHandles":[],"snapshot":{"added":0,"didUpdate":false,"failure":false,"filesAdded":0,"filesRemoved":0,"filesRemovedList":[],"filesUnmatched":0,"filesUpdated":0,"matched":0,"total":0,"unchecked":0,"uncheckedKeysByFile":[],"unmatched":0,"updated":0},"startTime":1776664580049,"success":false,"testResults":[{"assertionResults":[{"ancestorTitles":["ExportCorrectionSessionArtifactsUseCase"],"duration":12,"failureDetails":[{}],"failureMessages":["Error: Correction session metadata must not define deduction governance key \"deductionGovernance\".\n    at rejectDeductionGovernanceMetadataShadow (C:\\Users\\jaspe\\OneDrive\\Coding\\ViccoBoard\\modules\\exams\\src\\rule-packs\\validation.ts:75:11)\n    at validateCorrectionSessionRules (C:\\Users\\jaspe\\OneDrive\\Coding\\ViccoBoard\\modules\\exams\\src\\rule-packs\\validation.ts:171:3)\n    at loadCorrectionSessionRulePackFromDirectory (C:\\Users\\jaspe\\OneDrive\\Coding\\ViccoBoard\\modules\\exams\\src\\rule-packs\\loader.ts:81:47)\n    at loadCorrectionSessionRulePack (C:\\Users\\jaspe\\OneDrive\\Coding\\ViccoBoard\\modules\\exams\\src\\rule-packs\\loader.ts:99:10)\n    at loadDefaultCorrectionSessionRulePack (C:\\Users\\jaspe\\OneDrive\\Coding\\ViccoBoard\\modules\\exams\\src\\rule-packs\\loader.ts:103:10)\n    at resolveRulePack (C:\\Users\\jaspe\\OneDrive\\Coding\\ViccoBoard\\modules\\exams\\src\\use-cases\\export-correction-session.use-case.ts:70:48)\n    at ExportCorrectionSessionArtifactsUseCase.execute (C:\\Users\\jaspe\\OneDrive\\Coding\\ViccoBoard\\modules\\exams\\src\\use-cases\\export-correction-session.use-case.ts:121:22)\n    at Object.<anonymous> (C:\\Users\\jaspe\\OneDrive\\Coding\\ViccoBoard\\modules\\exams\\tests\\export-correction-session.use-case.test.ts:134:28)\n    at Promise.then.completed (C:\\Users\\jaspe\\OneDrive\\Coding\\ViccoBoard\\node_modules\\jest-circus\\build\\utils.js:298:28)\n    at new Promise (<anonymous>)\n    at callAsyncCircusFn (C:\\Users\\jaspe\\OneDrive\\Coding\\ViccoBoard\\node_modules\\jest-circus\\build\\utils.js:231:10)\n    at _callCircusTest (C:\\Users\\jaspe\\OneDrive\\Coding\\ViccoBoard\\node_modules\\jest-circus\\build\\run.js:316:40)\n    at _runTest (C:\\Users\\jaspe\\OneDrive\\Coding\\ViccoBoard\\node_modules\\jest-circus\\build\\run.js:252:3)\n    at _runTestsForDescribeBlock (C:\\Users\\jaspe\\OneDrive\\Coding\\ViccoBoard\\node_modules\\jest-circus\\build\\run.js:126:9)\n    at _runTestsForDescribeBlock (C:\\Users\\jaspe\\OneDrive\\Coding\\ViccoBoard\\node_modules\\jest-circus\\build\\run.js:121:9)\n    at run (C:\\Users\\jaspe\\OneDrive\\Coding\\ViccoBoard\\node_modules\\jest-circus\\build\\run.js:71:3)\n    at runAndTransformResultsToJestFormat (C:\\Users\\jaspe\\OneDrive\\Coding\\ViccoBoard\\node_modules\\jest-circus\\build\\legacy-code-todo-rewrite\\jestAdapterInit.js:122:21)\n    at jestAdapter (C:\\Users\\jaspe\\OneDrive\\Coding\\ViccoBoard\\node_modules\\jest-circus\\build\\legacy-code-todo-rewrite\\jestAdapter.js:79:19)\n    at runTestInternal (c:\\Users\\jaspe\\OneDrive\\Coding\\ViccoBoard\\node_modules\\jest-runner\\build\\runTest.js:367:16)\n    at runTest (c:\\Users\\jaspe\\OneDrive\\Coding\\ViccoBoard\\node_modules\\jest-runner\\build\\runTest.js:444:34)"],"fullName":"ExportCorrectionSessionArtifactsUseCase exports one session-scoped contract and prompt with task-centric scoring units","invocations":1,"location":null,"numPassingAsserts":0,"retryReasons":[],"status":"failed","title":"exports one session-scoped contract and prompt with task-centric scoring units"}],"endTime":1776664581560,"message":"\u001b[1m\u001b[31m  \u001b[1m● \u001b[22m\u001b[1mExportCorrectionSessionArtifactsUseCase › exports one session-scoped contract and prompt with task-centric scoring units\u001b[39m\u001b[22m\n\n    Correction session metadata must not define deduction governance key \"deductionGovernance\".\n\u001b[2m\u001b[22m\n\u001b[2m    \u001b[0m \u001b[90m 73 |\u001b[39m   \u001b[36mconst\u001b[39m foundKey \u001b[33m=\u001b[39m shadowKeys\u001b[33m.\u001b[39mfind((key) \u001b[33m=>\u001b[39m key \u001b[36min\u001b[39m metadata)\u001b[33m;\u001b[39m\u001b[22m\n\u001b[2m     \u001b[90m 74 |\u001b[39m   \u001b[36mif\u001b[39m (foundKey) {\u001b[22m\n\u001b[2m    \u001b[31m\u001b[1m>\u001b[22m\u001b[2m\u001b[39m\u001b[90m 75 |\u001b[39m     \u001b[36mthrow\u001b[39m \u001b[36mnew\u001b[39m \u001b[33mError\u001b[39m(\u001b[32m`Correction session metadata must not define deduction governance key \"${foundKey}\".`\u001b[39m)\u001b[33m;\u001b[39m\u001b[22m\n\u001b[2m     \u001b[90m    |\u001b[39m           \u001b[31m\u001b[1m^\u001b[22m\u001b[2m\u001b[39m\u001b[22m\n\u001b[2m     \u001b[90m 76 |\u001b[39m   }\u001b[22m\n\u001b[2m     \u001b[90m 77 |\u001b[39m }\u001b[22m\n\u001b[2m     \u001b[90m 78 |\u001b[39m\u001b[0m\u001b[22m\n\u001b[2m\u001b[22m\n\u001b[2m      \u001b[2mat rejectDeductionGovernanceMetadataShadow (\u001b[22m\u001b[2msrc/rule-packs/validation.ts\u001b[2m:75:11)\u001b[22m\u001b[2m\u001b[22m\n\u001b[2m      \u001b[2mat validateCorrectionSessionRules (\u001b[22m\u001b[2msrc/rule-packs/validation.ts\u001b[2m:171:3)\u001b[22m\u001b[2m\u001b[22m\n\u001b[2m      \u001b[2mat loadCorrectionSessionRulePackFromDirectory (\u001b[22m\u001b[2msrc/rule-packs/loader.ts\u001b[2m:81:47)\u001b[22m\u001b[2m\u001b[22m\n\u001b[2m      \u001b[2mat loadCorrectionSessionRulePack (\u001b[22m\u001b[2msrc/rule-packs/loader.ts\u001b[2m:99:10)\u001b[22m\u001b[2m\u001b[22m\n\u001b[2m      \u001b[2mat loadDefaultCorrectionSessionRulePack (\u001b[22m\u001b[2msrc/rule-packs/loader.ts\u001b[2m:103:10)\u001b[22m\u001b[2m\u001b[22m\n\u001b[2m      \u001b[2mat resolveRulePack (\u001b[22m\u001b[2msrc/use-cases/export-correction-session.use-case.ts\u001b[2m:70:48)\u001b[22m\u001b[2m\u001b[22m\n\u001b[2m      \u001b[2mat ExportCorrectionSessionArtifactsUseCase.execute (\u001b[22m\u001b[2msrc/use-cases/export-correction-session.use-case.ts\u001b[2m:121:22)\u001b[22m\u001b[2m\u001b[22m\n\u001b[2m      \u001b[2mat Object.<anonymous> (\u001b[22m\u001b[2m\u001b[0m\u001b[36mtests/export-correction-session.use-case.test.ts\u001b[39m\u001b[0m\u001b[2m:134:28)\u001b[22m\u001b[2m\u001b[22m\n","name":"C:\\Users\\jaspe\\OneDrive\\Coding\\ViccoBoard\\modules\\exams\\tests\\export-correction-session.use-case.test.ts","startTime":1776664580264,"status":"failed","summary":""},{"assertionResults":[{"ancestorTitles":["correction session rule pack loader"],"duration":4,"failureDetails":[{}],"failureMessages":["Error: Correction session metadata must not define deduction governance key \"deductionGovernance\".\n    at rejectDeductionGovernanceMetadataShadow (C:\\Users\\jaspe\\OneDrive\\Coding\\ViccoBoard\\modules\\exams\\src\\rule-packs\\validation.ts:75:11)\n    at validateCorrectionSessionRules (C:\\Users\\jaspe\\OneDrive\\Coding\\ViccoBoard\\modules\\exams\\src\\rule-packs\\validation.ts:171:3)\n    at loadCorrectionSessionRulePackFromDirectory (C:\\Users\\jaspe\\OneDrive\\Coding\\ViccoBoard\\modules\\exams\\src\\rule-packs\\loader.ts:81:47)\n    at loadCorrectionSessionRulePack (C:\\Users\\jaspe\\OneDrive\\Coding\\ViccoBoard\\modules\\exams\\src\\rule-packs\\loader.ts:99:10)\n    at loadDefaultCorrectionSessionRulePack (C:\\Users\\jaspe\\OneDrive\\Coding\\ViccoBoard\\modules\\exams\\src\\rule-packs\\loader.ts:103:10)\n    at Object.<anonymous> (C:\\Users\\jaspe\\OneDrive\\Coding\\ViccoBoard\\modules\\exams\\tests\\rule-pack.loader.test.ts:17:58)\n    at Promise.then.completed (C:\\Users\\jaspe\\OneDrive\\Coding\\ViccoBoard\\node_modules\\jest-circus\\build\\utils.js:298:28)\n    at new Promise (<anonymous>)\n    at callAsyncCircusFn (C:\\Users\\jaspe\\OneDrive\\Coding\\ViccoBoard\\node_modules\\jest-circus\\build\\utils.js:231:10)\n    at _callCircusTest (C:\\Users\\jaspe\\OneDrive\\Coding\\ViccoBoard\\node_modules\\jest-circus\\build\\run.js:316:40)\n    at _runTest (C:\\Users\\jaspe\\OneDrive\\Coding\\ViccoBoard\\node_modules\\jest-circus\\build\\run.js:252:3)\n    at _runTestsForDescribeBlock (C:\\Users\\jaspe\\OneDrive\\Coding\\ViccoBoard\\node_modules\\jest-circus\\build\\run.js:126:9)\n    at _runTestsForDescribeBlock (C:\\Users\\jaspe\\OneDrive\\Coding\\ViccoBoard\\node_modules\\jest-circus\\build\\run.js:121:9)\n    at run (C:\\Users\\jaspe\\OneDrive\\Coding\\ViccoBoard\\node_modules\\jest-circus\\build\\run.js:71:3)\n    at runAndTransformResultsToJestFormat (C:\\Users\\jaspe\\OneDrive\\Coding\\ViccoBoard\\node_modules\\jest-circus\\build\\legacy-code-todo-rewrite\\jestAdapterInit.js:122:21)\n    at jestAdapter (C:\\Users\\jaspe\\OneDrive\\Coding\\ViccoBoard\\node_modules\\jest-circus\\build\\legacy-code-todo-rewrite\\jestAdapter.js:79:19)\n    at runTestInternal (c:\\Users\\jaspe\\OneDrive\\Coding\\ViccoBoard\\node_modules\\jest-runner\\build\\runTest.js:367:16)\n    at runTest (c:\\Users\\jaspe\\OneDrive\\Coding\\ViccoBoard\\node_modules\\jest-runner\\build\\runTest.js:444:34)"],"fullName":"correction session rule pack loader loads the default rule pack with resolved resources","invocations":1,"location":null,"numPassingAsserts":0,"retryReasons":[],"status":"failed","title":"loads the default rule pack with resolved resources"},{"ancestorTitles":["correction session rule pack loader"],"duration":1,"failureDetails":[],"failureMessages":[],"fullName":"correction session rule pack loader resolves the default rule pack directory inside the exams package","invocations":1,"location":null,"numPassingAsserts":2,"retryReasons":[],"status":"passed","title":"resolves the default rule pack directory inside the exams package"},{"ancestorTitles":["correction session rule pack loader"],"duration":3,"failureDetails":[],"failureMessages":[],"fullName":"correction session rule pack loader rejects manifests without resource descriptors","invocations":1,"location":null,"numPassingAsserts":1,"retryReasons":[],"status":"passed","title":"rejects manifests without resource descriptors"},{"ancestorTitles":["correction session rule pack loader"],"duration":1,"failureDetails":[],"failureMessages":[],"fullName":"correction session rule pack loader validates manifest objects explicitly","invocations":1,"location":null,"numPassingAsserts":1,"retryReasons":[],"status":"passed","title":"validates manifest objects explicitly"},{"ancestorTitles":["correction session rule pack loader"],"duration":1,"failureDetails":[],"failureMessages":[],"fullName":"correction session rule pack loader rejects correction rules without first-class deduction governance","invocations":1,"location":null,"numPassingAsserts":1,"retryReasons":[],"status":"passed","title":"rejects correction rules without first-class deduction governance"},{"ancestorTitles":["correction session rule pack loader"],"duration":0,"failureDetails":[],"failureMessages":[],"fullName":"correction session rule pack loader rejects deduction governance shadow keys in metadata","invocations":1,"location":null,"numPassingAsserts":1,"retryReasons":[],"status":"passed","title":"rejects deduction governance shadow keys in metadata"}],"endTime":1776664581669,"message":"\u001b[1m\u001b[31m  \u001b[1m● \u001b[22m\u001b[1mcorrection session rule pack loader › loads the default rule pack with resolved resources\u001b[39m\u001b[22m\n\n    Correction session metadata must not define deduction governance key \"deductionGovernance\".\n\u001b[2m\u001b[22m\n\u001b[2m    \u001b[0m \u001b[90m 73 |\u001b[39m   \u001b[36mconst\u001b[39m foundKey \u001b[33m=\u001b[39m shadowKeys\u001b[33m.\u001b[39mfind((key) \u001b[33m=>\u001b[39m key \u001b[36min\u001b[39m metadata)\u001b[33m;\u001b[39m\u001b[22m\n\u001b[2m     \u001b[90m 74 |\u001b[39m   \u001b[36mif\u001b[39m (foundKey) {\u001b[22m\n\u001b[2m    \u001b[31m\u001b[1m>\u001b[22m\u001b[2m\u001b[39m\u001b[90m 75 |\u001b[39m     \u001b[36mthrow\u001b[39m \u001b[36mnew\u001b[39m \u001b[33mError\u001b[39m(\u001b[32m`Correction session metadata must not define deduction governance key \"${foundKey}\".`\u001b[39m)\u001b[33m;\u001b[39m\u001b[22m\n\u001b[2m     \u001b[90m    |\u001b[39m           \u001b[31m\u001b[1m^\u001b[22m\u001b[2m\u001b[39m\u001b[22m\n\u001b[2m     \u001b[90m 76 |\u001b[39m   }\u001b[22m\n\u001b[2m     \u001b[90m 77 |\u001b[39m }\u001b[22m\n\u001b[2m     \u001b[90m 78 |\u001b[39m\u001b[0m\u001b[22m\n\u001b[2m\u001b[22m\n\u001b[2m      \u001b[2mat rejectDeductionGovernanceMetadataShadow (\u001b[22m\u001b[2msrc/rule-packs/validation.ts\u001b[2m:75:11)\u001b[22m\u001b[2m\u001b[22m\n\u001b[2m      \u001b[2mat validateCorrectionSessionRules (\u001b[22m\u001b[2msrc/rule-packs/validation.ts\u001b[2m:171:3)\u001b[22m\u001b[2m\u001b[22m\n\u001b[2m      \u001b[2mat loadCorrectionSessionRulePackFromDirectory (\u001b[22m\u001b[2msrc/rule-packs/loader.ts\u001b[2m:81:47)\u001b[22m\u001b[2m\u001b[22m\n\u001b[2m      \u001b[2mat loadCorrectionSessionRulePack (\u001b[22m\u001b[2msrc/rule-packs/loader.ts\u001b[2m:99:10)\u001b[22m\u001b[2m\u001b[22m\n\u001b[2m      \u001b[2mat loadDefaultCorrectionSessionRulePack (\u001b[22m\u001b[2msrc/rule-packs/loader.ts\u001b[2m:103:10)\u001b[22m\u001b[2m\u001b[22m\n\u001b[2m      \u001b[2mat Object.<anonymous> (\u001b[22m\u001b[2m\u001b[0m\u001b[36mtests/rule-pack.loader.test.ts\u001b[39m\u001b[0m\u001b[2m:17:58)\u001b[22m\u001b[2m\u001b[22m\n","name":"C:\\Users\\jaspe\\OneDrive\\Coding\\ViccoBoard\\modules\\exams\\tests\\rule-pack.loader.test.ts","startTime":1776664581577,"status":"failed","summary":""},{"assertionResults":[{"ancestorTitles":["KBR correction sheet workflow"],"duration":28,"failureDetails":[],"failureMessages":[],"fullName":"KBR correction sheet workflow saves and reloads correction data for a candidate workflow","invocations":1,"location":null,"numPassingAsserts":6,"retryReasons":[],"status":"passed","title":"saves and reloads correction data for a candidate workflow"},{"ancestorTitles":["KBR correction sheet workflow"],"duration":5,"failureDetails":[],"failureMessages":[],"fullName":"KBR correction sheet workflow builds a printable projection from exam, correction and preset","invocations":1,"location":null,"numPassingAsserts":2,"retryReasons":[],"status":"passed","title":"builds a printable projection from exam, correction and preset"},{"ancestorTitles":["KBR correction sheet workflow"],"duration":79,"failureDetails":[],"failureMessages":[],"fullName":"KBR correction sheet workflow exports single and combined correction-sheet PDFs for the happy path","invocations":1,"location":null,"numPassingAsserts":6,"retryReasons":[],"status":"passed","title":"exports single and combined correction-sheet PDFs for the happy path"},{"ancestorTitles":["KBR correction sheet workflow"],"duration":9,"failureDetails":[],"failureMessages":[],"fullName":"KBR correction sheet workflow single export is blocked when correction is in-progress","invocations":1,"location":null,"numPassingAsserts":1,"retryReasons":[],"status":"passed","title":"single export is blocked when correction is in-progress"},{"ancestorTitles":["KBR correction sheet workflow"],"duration":3,"failureDetails":[],"failureMessages":[],"fullName":"KBR correction sheet workflow single export is blocked when no correction exists","invocations":1,"location":null,"numPassingAsserts":1,"retryReasons":[],"status":"passed","title":"single export is blocked when no correction exists"},{"ancestorTitles":["KBR correction sheet workflow"],"duration":8,"failureDetails":[],"failureMessages":[],"fullName":"KBR correction sheet workflow bulk export only includes completed corrections in mixed exam","invocations":1,"location":null,"numPassingAsserts":2,"retryReasons":[],"status":"passed","title":"bulk export only includes completed corrections in mixed exam"},{"ancestorTitles":["KBR correction sheet workflow"],"duration":4,"failureDetails":[],"failureMessages":[],"fullName":"KBR correction sheet workflow bulk export throws when no completed corrections exist","invocations":1,"location":null,"numPassingAsserts":1,"retryReasons":[],"status":"passed","title":"bulk export throws when no completed corrections exist"},{"ancestorTitles":["KBR correction sheet workflow"],"duration":4,"failureDetails":[],"failureMessages":[],"fullName":"KBR correction sheet workflow bulk export throws when no corrections exist at all","invocations":1,"location":null,"numPassingAsserts":1,"retryReasons":[],"status":"passed","title":"bulk export throws when no corrections exist at all"},{"ancestorTitles":["KBR correction sheet workflow"],"duration":4,"failureDetails":[],"failureMessages":[],"fullName":"KBR correction sheet workflow projection use case rejects non-completed correction by default","invocations":1,"location":null,"numPassingAsserts":1,"retryReasons":[],"status":"passed","title":"projection use case rejects non-completed correction by default"},{"ancestorTitles":["KBR correction sheet workflow"],"duration":3,"failureDetails":[],"failureMessages":[],"fullName":"KBR correction sheet workflow projection use case allows non-completed correction with allowIncomplete option","invocations":1,"location":null,"numPassingAsserts":2,"retryReasons":[],"status":"passed","title":"projection use case allows non-completed correction with allowIncomplete option"}],"endTime":1776664582113,"message":"","name":"C:\\Users\\jaspe\\OneDrive\\Coding\\ViccoBoard\\modules\\exams\\tests\\correction-sheet-workflow.test.ts","startTime":1776664581672,"status":"passed","summary":""},{"assertionResults":[{"ancestorTitles":["SupportTipManagementService","createSupportTip"],"duration":1,"failureDetails":[],"failureMessages":[],"fullName":"SupportTipManagementService createSupportTip should create a support tip","invocations":1,"location":null,"numPassingAsserts":5,"retryReasons":[],"status":"passed","title":"should create a support tip"},{"ancestorTitles":["SupportTipManagementService","createSupportTip"],"duration":0,"failureDetails":[],"failureMessages":[],"fullName":"SupportTipManagementService createSupportTip should create with optional parameters","invocations":1,"location":null,"numPassingAsserts":4,"retryReasons":[],"status":"passed","title":"should create with optional parameters"},{"ancestorTitles":["SupportTipManagementService","updateSupportTip"],"duration":0,"failureDetails":[],"failureMessages":[],"fullName":"SupportTipManagementService updateSupportTip should update support tip","invocations":1,"location":null,"numPassingAsserts":4,"retryReasons":[],"status":"passed","title":"should update support tip"},{"ancestorTitles":["SupportTipManagementService","updateSupportTip"],"duration":0,"failureDetails":[],"failureMessages":[],"fullName":"SupportTipManagementService updateSupportTip should preserve creation date","invocations":1,"location":null,"numPassingAsserts":1,"retryReasons":[],"status":"passed","title":"should preserve creation date"},{"ancestorTitles":["SupportTipManagementService","addLink"],"duration":1,"failureDetails":[],"failureMessages":[],"fullName":"SupportTipManagementService addLink should add link to support tip","invocations":1,"location":null,"numPassingAsserts":3,"retryReasons":[],"status":"passed","title":"should add link to support tip"},{"ancestorTitles":["SupportTipManagementService","addLink"],"duration":9,"failureDetails":[],"failureMessages":[],"fullName":"SupportTipManagementService addLink should not allow more than 3 links","invocations":1,"location":null,"numPassingAsserts":2,"retryReasons":[],"status":"passed","title":"should not allow more than 3 links"},{"ancestorTitles":["SupportTipManagementService","removeLink"],"duration":0,"failureDetails":[],"failureMessages":[],"fullName":"SupportTipManagementService removeLink should remove link from support tip","invocations":1,"location":null,"numPassingAsserts":1,"retryReasons":[],"status":"passed","title":"should remove link from support tip"},{"ancestorTitles":["SupportTipManagementService","validateSupportTip"],"duration":0,"failureDetails":[],"failureMessages":[],"fullName":"SupportTipManagementService validateSupportTip should validate valid support tip","invocations":1,"location":null,"numPassingAsserts":2,"retryReasons":[],"status":"passed","title":"should validate valid support tip"},{"ancestorTitles":["SupportTipManagementService","validateSupportTip"],"duration":0,"failureDetails":[],"failureMessages":[],"fullName":"SupportTipManagementService validateSupportTip should reject empty title","invocations":1,"location":null,"numPassingAsserts":2,"retryReasons":[],"status":"passed","title":"should reject empty title"},{"ancestorTitles":["SupportTipManagementService","validateSupportTip"],"duration":0,"failureDetails":[],"failureMessages":[],"fullName":"SupportTipManagementService validateSupportTip should reject empty description","invocations":1,"location":null,"numPassingAsserts":2,"retryReasons":[],"status":"passed","title":"should reject empty description"},{"ancestorTitles":["SupportTipManagementService","validateSupportTip"],"duration":0,"failureDetails":[],"failureMessages":[],"fullName":"SupportTipManagementService validateSupportTip should reject invalid URLs","invocations":1,"location":null,"numPassingAsserts":2,"retryReasons":[],"status":"passed","title":"should reject invalid URLs"},{"ancestorTitles":["SupportTipManagementService","searchSupportTips"],"duration":0,"failureDetails":[],"failureMessages":[],"fullName":"SupportTipManagementService searchSupportTips should search by title","invocations":1,"location":null,"numPassingAsserts":2,"retryReasons":[],"status":"passed","title":"should search by title"},{"ancestorTitles":["SupportTipManagementService","searchSupportTips"],"duration":1,"failureDetails":[],"failureMessages":[],"fullName":"SupportTipManagementService searchSupportTips should search by description","invocations":1,"location":null,"numPassingAsserts":1,"retryReasons":[],"status":"passed","title":"should search by description"},{"ancestorTitles":["SupportTipManagementService","searchSupportTips"],"duration":0,"failureDetails":[],"failureMessages":[],"fullName":"SupportTipManagementService searchSupportTips should filter by category","invocations":1,"location":null,"numPassingAsserts":2,"retryReasons":[],"status":"passed","title":"should filter by category"},{"ancestorTitles":["SupportTipManagementService","searchSupportTips"],"duration":1,"failureDetails":[],"failureMessages":[],"fullName":"SupportTipManagementService searchSupportTips should sort by usage","invocations":1,"location":null,"numPassingAsserts":1,"retryReasons":[],"status":"passed","title":"should sort by usage"},{"ancestorTitles":["SupportTipManagementService","searchSupportTips"],"duration":1,"failureDetails":[],"failureMessages":[],"fullName":"SupportTipManagementService searchSupportTips should limit results","invocations":1,"location":null,"numPassingAsserts":1,"retryReasons":[],"status":"passed","title":"should limit results"},{"ancestorTitles":["SupportTipManagementService","generateQRCode"],"duration":10,"failureDetails":[],"failureMessages":[],"fullName":"SupportTipManagementService generateQRCode should generate a local SVG data URL","invocations":1,"location":null,"numPassingAsserts":5,"retryReasons":[],"status":"passed","title":"should generate a local SVG data URL"},{"ancestorTitles":["SupportTipManagementService","generateQRCode"],"duration":4,"failureDetails":[],"failureMessages":[],"fullName":"SupportTipManagementService generateQRCode should honor requested QR render size","invocations":1,"location":null,"numPassingAsserts":2,"retryReasons":[],"status":"passed","title":"should honor requested QR render size"},{"ancestorTitles":["SupportTipManagementService","getMostUsedTips"],"duration":1,"failureDetails":[],"failureMessages":[],"fullName":"SupportTipManagementService getMostUsedTips should return tips sorted by usage","invocations":1,"location":null,"numPassingAsserts":3,"retryReasons":[],"status":"passed","title":"should return tips sorted by usage"},{"ancestorTitles":["SupportTipManagementService","getMostUsedTips"],"duration":0,"failureDetails":[],"failureMessages":[],"fullName":"SupportTipManagementService getMostUsedTips should respect limit","invocations":1,"location":null,"numPassingAsserts":1,"retryReasons":[],"status":"passed","title":"should respect limit"},{"ancestorTitles":["SupportTipManagementService","assignTipToCorrection"],"duration":0,"failureDetails":[],"failureMessages":[],"fullName":"SupportTipManagementService assignTipToCorrection should assign tip to correction","invocations":1,"location":null,"numPassingAsserts":2,"retryReasons":[],"status":"passed","title":"should assign tip to correction"},{"ancestorTitles":["SupportTipManagementService","assignTipToCorrection"],"duration":0,"failureDetails":[],"failureMessages":[],"fullName":"SupportTipManagementService assignTipToCorrection should not assign same tip twice","invocations":1,"location":null,"numPassingAsserts":1,"retryReasons":[],"status":"passed","title":"should not assign same tip twice"},{"ancestorTitles":["SupportTipManagementService","assignTipToCorrection"],"duration":0,"failureDetails":[],"failureMessages":[],"fullName":"SupportTipManagementService assignTipToCorrection should allow task-specific assignment","invocations":1,"location":null,"numPassingAsserts":1,"retryReasons":[],"status":"passed","title":"should allow task-specific assignment"},{"ancestorTitles":["SupportTipManagementService","removeTipFromCorrection"],"duration":0,"failureDetails":[],"failureMessages":[],"fullName":"SupportTipManagementService removeTipFromCorrection should remove tip from correction","invocations":1,"location":null,"numPassingAsserts":1,"retryReasons":[],"status":"passed","title":"should remove tip from correction"},{"ancestorTitles":["SupportTipManagementService","getTipsForCorrection"],"duration":0,"failureDetails":[],"failureMessages":[],"fullName":"SupportTipManagementService getTipsForCorrection should return assigned tips","invocations":1,"location":null,"numPassingAsserts":2,"retryReasons":[],"status":"passed","title":"should return assigned tips"},{"ancestorTitles":["SupportTipManagementService","getTipsForCorrection"],"duration":0,"failureDetails":[],"failureMessages":[],"fullName":"SupportTipManagementService getTipsForCorrection should filter by task","invocations":1,"location":null,"numPassingAsserts":1,"retryReasons":[],"status":"passed","title":"should filter by task"},{"ancestorTitles":["SupportTipManagementService","getSummaryForExam"],"duration":1,"failureDetails":[],"failureMessages":[],"fullName":"SupportTipManagementService getSummaryForExam should calculate usage summary","invocations":1,"location":null,"numPassingAsserts":2,"retryReasons":[],"status":"passed","title":"should calculate usage summary"},{"ancestorTitles":["SupportTipUIHelper","formatTipForDropdown"],"duration":0,"failureDetails":[],"failureMessages":[],"fullName":"SupportTipUIHelper formatTipForDropdown should format for dropdown display","invocations":1,"location":null,"numPassingAsserts":4,"retryReasons":[],"status":"passed","title":"should format for dropdown display"},{"ancestorTitles":["SupportTipUIHelper","getWeightColor"],"duration":1,"failureDetails":[],"failureMessages":[],"fullName":"SupportTipUIHelper getWeightColor should return appropriate color for weight","invocations":1,"location":null,"numPassingAsserts":3,"retryReasons":[],"status":"passed","title":"should return appropriate color for weight"},{"ancestorTitles":["SupportTipUIHelper","formatWeight"],"duration":0,"failureDetails":[],"failureMessages":[],"fullName":"SupportTipUIHelper formatWeight should format weight as stars","invocations":1,"location":null,"numPassingAsserts":2,"retryReasons":[],"status":"passed","title":"should format weight as stars"},{"ancestorTitles":["SupportTipUIHelper","getLinkTypeIcon"],"duration":1,"failureDetails":[],"failureMessages":[],"fullName":"SupportTipUIHelper getLinkTypeIcon should return icon for link type","invocations":1,"location":null,"numPassingAsserts":4,"retryReasons":[],"status":"passed","title":"should return icon for link type"}],"endTime":1776664582254,"message":"","name":"C:\\Users\\jaspe\\OneDrive\\Coding\\ViccoBoard\\modules\\exams\\tests\\support-tip-management.service.test.ts","startTime":1776664582126,"status":"passed","summary":""},{"assertionResults":[{"ancestorTitles":["ImportKbrCorrectionBundleUseCase"],"duration":10,"failureDetails":[],"failureMessages":[],"fullName":"ImportKbrCorrectionBundleUseCase imports task scores via chatRef + local session map and stores exam-level comments","invocations":1,"location":null,"numPassingAsserts":7,"retryReasons":[],"status":"passed","title":"imports task scores via chatRef + local session map and stores exam-level comments"},{"ancestorTitles":["ImportKbrCorrectionBundleUseCase"],"duration":3,"failureDetails":[],"failureMessages":[],"fullName":"ImportKbrCorrectionBundleUseCase accepts a deduction with defect statement and linked evidence","invocations":1,"location":null,"numPassingAsserts":2,"retryReasons":[],"status":"passed","title":"accepts a deduction with defect statement and linked evidence"},{"ancestorTitles":["ImportKbrCorrectionBundleUseCase"],"duration":4,"failureDetails":[],"failureMessages":[],"fullName":"ImportKbrCorrectionBundleUseCase marks a deduction without evidence for manual review","invocations":1,"location":null,"numPassingAsserts":2,"retryReasons":[],"status":"passed","title":"marks a deduction without evidence for manual review"},{"ancestorTitles":["ImportKbrCorrectionBundleUseCase"],"duration":3,"failureDetails":[],"failureMessages":[],"fullName":"ImportKbrCorrectionBundleUseCase marks the smallest deduction step without evidence for manual review","invocations":1,"location":null,"numPassingAsserts":1,"retryReasons":[],"status":"passed","title":"marks the smallest deduction step without evidence for manual review"},{"ancestorTitles":["ImportKbrCorrectionBundleUseCase"],"duration":2,"failureDetails":[],"failureMessages":[],"fullName":"ImportKbrCorrectionBundleUseCase treats full points as unproblematic without extra justification","invocations":1,"location":null,"numPassingAsserts":2,"retryReasons":[],"status":"passed","title":"treats full points as unproblematic without extra justification"},{"ancestorTitles":["ImportKbrCorrectionBundleUseCase"],"duration":10,"failureDetails":[],"failureMessages":[],"fullName":"ImportKbrCorrectionBundleUseCase rejects unresolved chatRef mappings","invocations":1,"location":null,"numPassingAsserts":1,"retryReasons":[],"status":"passed","title":"rejects unresolved chatRef mappings"},{"ancestorTitles":["ImportKbrCorrectionBundleUseCase"],"duration":3,"failureDetails":[],"failureMessages":[],"fullName":"ImportKbrCorrectionBundleUseCase rejects points that violate configured point-step increments","invocations":1,"location":null,"numPassingAsserts":1,"retryReasons":[],"status":"passed","title":"rejects points that violate configured point-step increments"}],"endTime":1776664582378,"message":"","name":"C:\\Users\\jaspe\\OneDrive\\Coding\\ViccoBoard\\modules\\exams\\tests\\import-kbr-correction-bundle.use-case.test.ts","startTime":1776664582265,"status":"passed","summary":""},{"assertionResults":[{"ancestorTitles":["RecordCorrectionUseCase"],"duration":9,"failureDetails":[],"failureMessages":[],"fullName":"RecordCorrectionUseCase records a new correction as in-progress (partial entry)","invocations":1,"location":null,"numPassingAsserts":8,"retryReasons":[],"status":"passed","title":"records a new correction as in-progress (partial entry)"},{"ancestorTitles":["RecordCorrectionUseCase"],"duration":3,"failureDetails":[],"failureMessages":[],"fullName":"RecordCorrectionUseCase finalizes correction and sets status to completed","invocations":1,"location":null,"numPassingAsserts":3,"retryReasons":[],"status":"passed","title":"finalizes correction and sets status to completed"},{"ancestorTitles":["RecordCorrectionUseCase"],"duration":4,"failureDetails":[],"failureMessages":[],"fullName":"RecordCorrectionUseCase calculates grade correctly from grading key","invocations":1,"location":null,"numPassingAsserts":3,"retryReasons":[],"status":"passed","title":"calculates grade correctly from grading key"},{"ancestorTitles":["RecordCorrectionUseCase"],"duration":3,"failureDetails":[],"failureMessages":[],"fullName":"RecordCorrectionUseCase calculates totals from multiple task scores","invocations":1,"location":null,"numPassingAsserts":3,"retryReasons":[],"status":"passed","title":"calculates totals from multiple task scores"},{"ancestorTitles":["RecordCorrectionUseCase"],"duration":3,"failureDetails":[],"failureMessages":[],"fullName":"RecordCorrectionUseCase updates existing correction entry on second call","invocations":1,"location":null,"numPassingAsserts":3,"retryReasons":[],"status":"passed","title":"updates existing correction entry on second call"},{"ancestorTitles":["RecordCorrectionUseCase"],"duration":3,"failureDetails":[],"failureMessages":[],"fullName":"RecordCorrectionUseCase attaches comments to correction","invocations":1,"location":null,"numPassingAsserts":4,"retryReasons":[],"status":"passed","title":"attaches comments to correction"},{"ancestorTitles":["RecordCorrectionUseCase"],"duration":4,"failureDetails":[],"failureMessages":[],"fullName":"RecordCorrectionUseCase assigns support tips to correction","invocations":1,"location":null,"numPassingAsserts":3,"retryReasons":[],"status":"passed","title":"assigns support tips to correction"},{"ancestorTitles":["RecordCorrectionUseCase"],"duration":7,"failureDetails":[],"failureMessages":[],"fullName":"RecordCorrectionUseCase throws when exam does not exist","invocations":1,"location":null,"numPassingAsserts":1,"retryReasons":[],"status":"passed","title":"throws when exam does not exist"},{"ancestorTitles":["RecordCorrectionUseCase"],"duration":3,"failureDetails":[],"failureMessages":[],"fullName":"RecordCorrectionUseCase supports zero task scores (empty partial correction)","invocations":1,"location":null,"numPassingAsserts":3,"retryReasons":[],"status":"passed","title":"supports zero task scores (empty partial correction)"}],"endTime":1776664582495,"message":"","name":"C:\\Users\\jaspe\\OneDrive\\Coding\\ViccoBoard\\modules\\exams\\tests\\record-correction.use-case.test.ts","startTime":1776664582385,"status":"passed","summary":""},{"assertionResults":[{"ancestorTitles":["CorrectionEntryRepository"],"duration":8,"failureDetails":[],"failureMessages":[],"fullName":"CorrectionEntryRepository creates and retrieves correction entry","invocations":1,"location":null,"numPassingAsserts":5,"retryReasons":[],"status":"passed","title":"creates and retrieves correction entry"},{"ancestorTitles":["CorrectionEntryRepository"],"duration":3,"failureDetails":[],"failureMessages":[],"fullName":"CorrectionEntryRepository finds corrections by exam","invocations":1,"location":null,"numPassingAsserts":2,"retryReasons":[],"status":"passed","title":"finds corrections by exam"},{"ancestorTitles":["CorrectionEntryRepository"],"duration":3,"failureDetails":[],"failureMessages":[],"fullName":"CorrectionEntryRepository finds corrections by candidate","invocations":1,"location":null,"numPassingAsserts":2,"retryReasons":[],"status":"passed","title":"finds corrections by candidate"},{"ancestorTitles":["CorrectionEntryRepository"],"duration":3,"failureDetails":[],"failureMessages":[],"fullName":"CorrectionEntryRepository finds correction by exam and candidate","invocations":1,"location":null,"numPassingAsserts":3,"retryReasons":[],"status":"passed","title":"finds correction by exam and candidate"},{"ancestorTitles":["CorrectionEntryRepository"],"duration":11,"failureDetails":[],"failureMessages":[],"fullName":"CorrectionEntryRepository returns null when exam-candidate pair not found","invocations":1,"location":null,"numPassingAsserts":1,"retryReasons":[],"status":"passed","title":"returns null when exam-candidate pair not found"}],"endTime":1776664582600,"message":"","name":"C:\\Users\\jaspe\\OneDrive\\Coding\\ViccoBoard\\modules\\exams\\tests\\correction-entry.repository.test.ts","startTime":1776664582503,"status":"passed","summary":""},{"assertionResults":[{"ancestorTitles":["CommentManagementService","createComment"],"duration":1,"failureDetails":[],"failureMessages":[],"fullName":"CommentManagementService createComment should create a comment with all required fields","invocations":1,"location":null,"numPassingAsserts":6,"retryReasons":[],"status":"passed","title":"should create a comment with all required fields"},{"ancestorTitles":["CommentManagementService","createComment"],"duration":0,"failureDetails":[],"failureMessages":[],"fullName":"CommentManagementService createComment should create comment with custom parameters","invocations":1,"location":null,"numPassingAsserts":5,"retryReasons":[],"status":"passed","title":"should create comment with custom parameters"},{"ancestorTitles":["CommentManagementService","createComment"],"duration":1,"failureDetails":[],"failureMessages":[],"fullName":"CommentManagementService createComment should generate unique IDs for each comment","invocations":1,"location":null,"numPassingAsserts":1,"retryReasons":[],"status":"passed","title":"should generate unique IDs for each comment"},{"ancestorTitles":["CommentManagementService","updateComment"],"duration":0,"failureDetails":[],"failureMessages":[],"fullName":"CommentManagementService updateComment should update comment text","invocations":1,"location":null,"numPassingAsserts":2,"retryReasons":[],"status":"passed","title":"should update comment text"},{"ancestorTitles":["CommentManagementService","updateComment"],"duration":0,"failureDetails":[],"failureMessages":[],"fullName":"CommentManagementService updateComment should update printable flag","invocations":1,"location":null,"numPassingAsserts":1,"retryReasons":[],"status":"passed","title":"should update printable flag"},{"ancestorTitles":["CommentManagementService","updateComment"],"duration":1,"failureDetails":[],"failureMessages":[],"fullName":"CommentManagementService updateComment should update availability flag","invocations":1,"location":null,"numPassingAsserts":1,"retryReasons":[],"status":"passed","title":"should update availability flag"},{"ancestorTitles":["CommentManagementService","updateComment"],"duration":0,"failureDetails":[],"failureMessages":[],"fullName":"CommentManagementService updateComment should preserve id and generate new timestamp","invocations":1,"location":null,"numPassingAsserts":2,"retryReasons":[],"status":"passed","title":"should preserve id and generate new timestamp"},{"ancestorTitles":["CommentManagementService","getPrintableComments"],"duration":0,"failureDetails":[],"failureMessages":[],"fullName":"CommentManagementService getPrintableComments should filter only printable comments","invocations":1,"location":null,"numPassingAsserts":2,"retryReasons":[],"status":"passed","title":"should filter only printable comments"},{"ancestorTitles":["CommentManagementService","getPrintableComments"],"duration":1,"failureDetails":[],"failureMessages":[],"fullName":"CommentManagementService getPrintableComments should return empty array if no printable comments","invocations":1,"location":null,"numPassingAsserts":1,"retryReasons":[],"status":"passed","title":"should return empty array if no printable comments"},{"ancestorTitles":["CommentManagementService","getPostReturnComments"],"duration":0,"failureDetails":[],"failureMessages":[],"fullName":"CommentManagementService getPostReturnComments should filter only post-return comments","invocations":1,"location":null,"numPassingAsserts":2,"retryReasons":[],"status":"passed","title":"should filter only post-return comments"},{"ancestorTitles":["CommentManagementService","getCommentsByLevel"],"duration":0,"failureDetails":[],"failureMessages":[],"fullName":"CommentManagementService getCommentsByLevel should filter comments by level","invocations":1,"location":null,"numPassingAsserts":2,"retryReasons":[],"status":"passed","title":"should filter comments by level"},{"ancestorTitles":["CommentManagementService","getTaskComments"],"duration":0,"failureDetails":[],"failureMessages":[],"fullName":"CommentManagementService getTaskComments should get comments for specific task","invocations":1,"location":null,"numPassingAsserts":2,"retryReasons":[],"status":"passed","title":"should get comments for specific task"},{"ancestorTitles":["CommentManagementService","getExamLevelComments"],"duration":0,"failureDetails":[],"failureMessages":[],"fullName":"CommentManagementService getExamLevelComments should get exam-level comments only","invocations":1,"location":null,"numPassingAsserts":2,"retryReasons":[],"status":"passed","title":"should get exam-level comments only"},{"ancestorTitles":["CommentManagementService","saveAsTemplate"],"duration":0,"failureDetails":[],"failureMessages":[],"fullName":"CommentManagementService saveAsTemplate should save comment as template","invocations":1,"location":null,"numPassingAsserts":4,"retryReasons":[],"status":"passed","title":"should save comment as template"},{"ancestorTitles":["CommentManagementService","saveAsTemplate"],"duration":0,"failureDetails":[],"failureMessages":[],"fullName":"CommentManagementService saveAsTemplate should generate unique template ID","invocations":1,"location":null,"numPassingAsserts":1,"retryReasons":[],"status":"passed","title":"should generate unique template ID"},{"ancestorTitles":["CommentManagementService","getTemplates"],"duration":0,"failureDetails":[],"failureMessages":[],"fullName":"CommentManagementService getTemplates should get all templates","invocations":1,"location":null,"numPassingAsserts":1,"retryReasons":[],"status":"passed","title":"should get all templates"},{"ancestorTitles":["CommentManagementService","getTemplates"],"duration":1,"failureDetails":[],"failureMessages":[],"fullName":"CommentManagementService getTemplates should filter templates by category","invocations":1,"location":null,"numPassingAsserts":2,"retryReasons":[],"status":"passed","title":"should filter templates by category"},{"ancestorTitles":["CommentManagementService","getTemplates"],"duration":0,"failureDetails":[],"failureMessages":[],"fullName":"CommentManagementService getTemplates should sort by usage count","invocations":1,"location":null,"numPassingAsserts":1,"retryReasons":[],"status":"passed","title":"should sort by usage count"},{"ancestorTitles":["CommentManagementService","useTemplate"],"duration":0,"failureDetails":[],"failureMessages":[],"fullName":"CommentManagementService useTemplate should increment usage count and update last used","invocations":1,"location":null,"numPassingAsserts":2,"retryReasons":[],"status":"passed","title":"should increment usage count and update last used"},{"ancestorTitles":["CommentManagementService","useTemplate"],"duration":0,"failureDetails":[],"failureMessages":[],"fullName":"CommentManagementService useTemplate should return null for non-existent template","invocations":1,"location":null,"numPassingAsserts":1,"retryReasons":[],"status":"passed","title":"should return null for non-existent template"},{"ancestorTitles":["CommentManagementService","deleteTemplate"],"duration":0,"failureDetails":[],"failureMessages":[],"fullName":"CommentManagementService deleteTemplate should delete template","invocations":1,"location":null,"numPassingAsserts":2,"retryReasons":[],"status":"passed","title":"should delete template"},{"ancestorTitles":["CommentManagementService","deleteTemplate"],"duration":1,"failureDetails":[],"failureMessages":[],"fullName":"CommentManagementService deleteTemplate should return false if template does not exist","invocations":1,"location":null,"numPassingAsserts":1,"retryReasons":[],"status":"passed","title":"should return false if template does not exist"},{"ancestorTitles":["CommentManagementService","searchTemplates"],"duration":0,"failureDetails":[],"failureMessages":[],"fullName":"CommentManagementService searchTemplates should search templates by text","invocations":1,"location":null,"numPassingAsserts":2,"retryReasons":[],"status":"passed","title":"should search templates by text"},{"ancestorTitles":["CommentManagementService","searchTemplates"],"duration":0,"failureDetails":[],"failureMessages":[],"fullName":"CommentManagementService searchTemplates should search templates by category","invocations":1,"location":null,"numPassingAsserts":1,"retryReasons":[],"status":"passed","title":"should search templates by category"},{"ancestorTitles":["CommentManagementService","getMostUsedComments"],"duration":0,"failureDetails":[],"failureMessages":[],"fullName":"CommentManagementService getMostUsedComments should return most used comments in order","invocations":1,"location":null,"numPassingAsserts":1,"retryReasons":[],"status":"passed","title":"should return most used comments in order"},{"ancestorTitles":["CommentManagementService","getMostUsedComments"],"duration":0,"failureDetails":[],"failureMessages":[],"fullName":"CommentManagementService getMostUsedComments should respect limit parameter","invocations":1,"location":null,"numPassingAsserts":1,"retryReasons":[],"status":"passed","title":"should respect limit parameter"},{"ancestorTitles":["CommentManagementService","validateComment"],"duration":0,"failureDetails":[],"failureMessages":[],"fullName":"CommentManagementService validateComment should validate valid comment","invocations":1,"location":null,"numPassingAsserts":2,"retryReasons":[],"status":"passed","title":"should validate valid comment"},{"ancestorTitles":["CommentManagementService","validateComment"],"duration":0,"failureDetails":[],"failureMessages":[],"fullName":"CommentManagementService validateComment should reject empty comment","invocations":1,"location":null,"numPassingAsserts":2,"retryReasons":[],"status":"passed","title":"should reject empty comment"},{"ancestorTitles":["CommentManagementService","validateComment"],"duration":0,"failureDetails":[],"failureMessages":[],"fullName":"CommentManagementService validateComment should reject comment exceeding length limit","invocations":1,"location":null,"numPassingAsserts":1,"retryReasons":[],"status":"passed","title":"should reject comment exceeding length limit"},{"ancestorTitles":["CommentManagementService","validateComment"],"duration":0,"failureDetails":[],"failureMessages":[],"fullName":"CommentManagementService validateComment should reject invalid level","invocations":1,"location":null,"numPassingAsserts":1,"retryReasons":[],"status":"passed","title":"should reject invalid level"},{"ancestorTitles":["CorrectionCommentUseCase","addCommentToCorrection"],"duration":0,"failureDetails":[],"failureMessages":[],"fullName":"CorrectionCommentUseCase addCommentToCorrection should add comment to correction","invocations":1,"location":null,"numPassingAsserts":2,"retryReasons":[],"status":"passed","title":"should add comment to correction"},{"ancestorTitles":["CorrectionCommentUseCase","addCommentToCorrection"],"duration":0,"failureDetails":[],"failureMessages":[],"fullName":"CorrectionCommentUseCase addCommentToCorrection should update existing comment with same id","invocations":1,"location":null,"numPassingAsserts":2,"retryReasons":[],"status":"passed","title":"should update existing comment with same id"},{"ancestorTitles":["CorrectionCommentUseCase","addCommentToCorrection"],"duration":10,"failureDetails":[],"failureMessages":[],"fullName":"CorrectionCommentUseCase addCommentToCorrection should reject invalid comment","invocations":1,"location":null,"numPassingAsserts":1,"retryReasons":[],"status":"passed","title":"should reject invalid comment"},{"ancestorTitles":["CorrectionCommentUseCase","removeCommentFromCorrection"],"duration":0,"failureDetails":[],"failureMessages":[],"fullName":"CorrectionCommentUseCase removeCommentFromCorrection should remove comment from correction","invocations":1,"location":null,"numPassingAsserts":1,"retryReasons":[],"status":"passed","title":"should remove comment from correction"},{"ancestorTitles":["CorrectionCommentUseCase","getTaskComments"],"duration":0,"failureDetails":[],"failureMessages":[],"fullName":"CorrectionCommentUseCase getTaskComments should get task comments from correction","invocations":1,"location":null,"numPassingAsserts":1,"retryReasons":[],"status":"passed","title":"should get task comments from correction"},{"ancestorTitles":["CorrectionCommentUseCase","getPrintableComments"],"duration":0,"failureDetails":[],"failureMessages":[],"fullName":"CorrectionCommentUseCase getPrintableComments should get only printable comments","invocations":1,"location":null,"numPassingAsserts":1,"retryReasons":[],"status":"passed","title":"should get only printable comments"},{"ancestorTitles":["CorrectionCommentUseCase","getPostReturnComments"],"duration":1,"failureDetails":[],"failureMessages":[],"fullName":"CorrectionCommentUseCase getPostReturnComments should get only post-return comments","invocations":1,"location":null,"numPassingAsserts":1,"retryReasons":[],"status":"passed","title":"should get only post-return comments"},{"ancestorTitles":["CommentManagementService.copyCommentsToCandidate"],"duration":0,"failureDetails":[],"failureMessages":[],"fullName":"CommentManagementService.copyCommentsToCandidate should copy all comments when no ids specified","invocations":1,"location":null,"numPassingAsserts":2,"retryReasons":[],"status":"passed","title":"should copy all comments when no ids specified"},{"ancestorTitles":["CommentManagementService.copyCommentsToCandidate"],"duration":0,"failureDetails":[],"failureMessages":[],"fullName":"CommentManagementService.copyCommentsToCandidate should assign new ids to copied comments","invocations":1,"location":null,"numPassingAsserts":1,"retryReasons":[],"status":"passed","title":"should assign new ids to copied comments"},{"ancestorTitles":["CommentManagementService.copyCommentsToCandidate"],"duration":1,"failureDetails":[],"failureMessages":[],"fullName":"CommentManagementService.copyCommentsToCandidate should copy only specified comment ids","invocations":1,"location":null,"numPassingAsserts":2,"retryReasons":[],"status":"passed","title":"should copy only specified comment ids"},{"ancestorTitles":["CommentManagementService.copyCommentsToCandidate"],"duration":0,"failureDetails":[],"failureMessages":[],"fullName":"CommentManagementService.copyCommentsToCandidate should not duplicate comments already present in target","invocations":1,"location":null,"numPassingAsserts":1,"retryReasons":[],"status":"passed","title":"should not duplicate comments already present in target"},{"ancestorTitles":["CommentManagementService.copyCommentsToCandidate"],"duration":0,"failureDetails":[],"failureMessages":[],"fullName":"CommentManagementService.copyCommentsToCandidate should not modify source entry","invocations":1,"location":null,"numPassingAsserts":1,"retryReasons":[],"status":"passed","title":"should not modify source entry"}],"endTime":1776664582686,"message":"","name":"C:\\Users\\jaspe\\OneDrive\\Coding\\ViccoBoard\\modules\\exams\\tests\\comment-management.service.test.ts","startTime":1776664582606,"status":"passed","summary":""},{"assertionResults":[{"ancestorTitles":["CorrectionSheetPresetRepository"],"duration":8,"failureDetails":[],"failureMessages":[],"fullName":"CorrectionSheetPresetRepository returns a default preset when no preset has been saved yet","invocations":1,"location":null,"numPassingAsserts":1,"retryReasons":[],"status":"passed","title":"returns a default preset when no preset has been saved yet"},{"ancestorTitles":["CorrectionSheetPresetRepository"],"duration":4,"failureDetails":[],"failureMessages":[],"fullName":"CorrectionSheetPresetRepository persists and reloads builder preset state through the exam as source of truth","invocations":1,"location":null,"numPassingAsserts":4,"retryReasons":[],"status":"passed","title":"persists and reloads builder preset state through the exam as source of truth"}],"endTime":1776664582768,"message":"","name":"C:\\Users\\jaspe\\OneDrive\\Coding\\ViccoBoard\\modules\\exams\\tests\\correction-sheet-preset.repository.test.ts","startTime":1776664582689,"status":"passed","summary":""},{"assertionResults":[{"ancestorTitles":["LongTermNoteManagementService","createLongTermNote"],"duration":1,"failureDetails":[],"failureMessages":[],"fullName":"LongTermNoteManagementService createLongTermNote should create a new long-term note","invocations":1,"location":null,"numPassingAsserts":6,"retryReasons":[],"status":"passed","title":"should create a new long-term note"},{"ancestorTitles":["LongTermNoteManagementService","createLongTermNote"],"duration":0,"failureDetails":[],"failureMessages":[],"fullName":"LongTermNoteManagementService createLongTermNote should initialize with provided options","invocations":1,"location":null,"numPassingAsserts":3,"retryReasons":[],"status":"passed","title":"should initialize with provided options"},{"ancestorTitles":["LongTermNoteManagementService","addCompetency"],"duration":1,"failureDetails":[],"failureMessages":[],"fullName":"LongTermNoteManagementService addCompetency should add a new competency","invocations":1,"location":null,"numPassingAsserts":4,"retryReasons":[],"status":"passed","title":"should add a new competency"},{"ancestorTitles":["LongTermNoteManagementService","addCompetency"],"duration":0,"failureDetails":[],"failureMessages":[],"fullName":"LongTermNoteManagementService addCompetency should update lastModified","invocations":1,"location":null,"numPassingAsserts":1,"retryReasons":[],"status":"passed","title":"should update lastModified"},{"ancestorTitles":["LongTermNoteManagementService","recordCompetencyAssessment"],"duration":0,"failureDetails":[],"failureMessages":[],"fullName":"LongTermNoteManagementService recordCompetencyAssessment should record a competency assessment","invocations":1,"location":null,"numPassingAsserts":2,"retryReasons":[],"status":"passed","title":"should record a competency assessment"},{"ancestorTitles":["LongTermNoteManagementService","recordCompetencyAssessment"],"duration":0,"failureDetails":[],"failureMessages":[],"fullName":"LongTermNoteManagementService recordCompetencyAssessment should not affect other competencies","invocations":1,"location":null,"numPassingAsserts":2,"retryReasons":[],"status":"passed","title":"should not affect other competencies"},{"ancestorTitles":["LongTermNoteManagementService","addDevelopmentNote"],"duration":0,"failureDetails":[],"failureMessages":[],"fullName":"LongTermNoteManagementService addDevelopmentNote should add a new development note","invocations":1,"location":null,"numPassingAsserts":3,"retryReasons":[],"status":"passed","title":"should add a new development note"},{"ancestorTitles":["LongTermNoteManagementService","addDevelopmentNote"],"duration":1,"failureDetails":[],"failureMessages":[],"fullName":"LongTermNoteManagementService addDevelopmentNote should preserve existing notes","invocations":1,"location":null,"numPassingAsserts":1,"retryReasons":[],"status":"passed","title":"should preserve existing notes"},{"ancestorTitles":["LongTermNoteManagementService","addDevelopmentNote"],"duration":0,"failureDetails":[],"failureMessages":[],"fullName":"LongTermNoteManagementService addDevelopmentNote should handle different categories","invocations":1,"location":null,"numPassingAsserts":2,"retryReasons":[],"status":"passed","title":"should handle different categories"},{"ancestorTitles":["LongTermNoteManagementService","updateDevelopmentNote"],"duration":0,"failureDetails":[],"failureMessages":[],"fullName":"LongTermNoteManagementService updateDevelopmentNote should update an existing note","invocations":1,"location":null,"numPassingAsserts":1,"retryReasons":[],"status":"passed","title":"should update an existing note"},{"ancestorTitles":["LongTermNoteManagementService","updateDevelopmentNote"],"duration":0,"failureDetails":[],"failureMessages":[],"fullName":"LongTermNoteManagementService updateDevelopmentNote should change category if provided","invocations":1,"location":null,"numPassingAsserts":1,"retryReasons":[],"status":"passed","title":"should change category if provided"},{"ancestorTitles":["LongTermNoteManagementService","updateDevelopmentNote"],"duration":0,"failureDetails":[],"failureMessages":[],"fullName":"LongTermNoteManagementService updateDevelopmentNote should not affect non-matching notes","invocations":1,"location":null,"numPassingAsserts":1,"retryReasons":[],"status":"passed","title":"should not affect non-matching notes"},{"ancestorTitles":["LongTermNoteManagementService","removeDevelopmentNote"],"duration":0,"failureDetails":[],"failureMessages":[],"fullName":"LongTermNoteManagementService removeDevelopmentNote should remove a development note","invocations":1,"location":null,"numPassingAsserts":1,"retryReasons":[],"status":"passed","title":"should remove a development note"},{"ancestorTitles":["LongTermNoteManagementService","removeDevelopmentNote"],"duration":1,"failureDetails":[],"failureMessages":[],"fullName":"LongTermNoteManagementService removeDevelopmentNote should not affect other notes","invocations":1,"location":null,"numPassingAsserts":2,"retryReasons":[],"status":"passed","title":"should not affect other notes"},{"ancestorTitles":["LongTermNoteManagementService","getNotesByCategory"],"duration":0,"failureDetails":[],"failureMessages":[],"fullName":"LongTermNoteManagementService getNotesByCategory should filter notes by category","invocations":1,"location":null,"numPassingAsserts":2,"retryReasons":[],"status":"passed","title":"should filter notes by category"},{"ancestorTitles":["LongTermNoteManagementService","getNotesByCategory"],"duration":0,"failureDetails":[],"failureMessages":[],"fullName":"LongTermNoteManagementService getNotesByCategory should return empty array for missing category","invocations":1,"location":null,"numPassingAsserts":1,"retryReasons":[],"status":"passed","title":"should return empty array for missing category"},{"ancestorTitles":["LongTermNoteManagementService","getRecentNotes"],"duration":1,"failureDetails":[],"failureMessages":[],"fullName":"LongTermNoteManagementService getRecentNotes should get notes from last N days","invocations":1,"location":null,"numPassingAsserts":2,"retryReasons":[],"status":"passed","title":"should get notes from last N days"},{"ancestorTitles":["LongTermNoteManagementService","updateStrengths"],"duration":0,"failureDetails":[],"failureMessages":[],"fullName":"LongTermNoteManagementService updateStrengths should replace strengths","invocations":1,"location":null,"numPassingAsserts":1,"retryReasons":[],"status":"passed","title":"should replace strengths"},{"ancestorTitles":["LongTermNoteManagementService","addStrength"],"duration":0,"failureDetails":[],"failureMessages":[],"fullName":"LongTermNoteManagementService addStrength should add a new strength","invocations":1,"location":null,"numPassingAsserts":2,"retryReasons":[],"status":"passed","title":"should add a new strength"},{"ancestorTitles":["LongTermNoteManagementService","addStrength"],"duration":0,"failureDetails":[],"failureMessages":[],"fullName":"LongTermNoteManagementService addStrength should not add duplicate strengths","invocations":1,"location":null,"numPassingAsserts":1,"retryReasons":[],"status":"passed","title":"should not add duplicate strengths"},{"ancestorTitles":["LongTermNoteManagementService","calculateCompetencyProgress"],"duration":0,"failureDetails":[],"failureMessages":[],"fullName":"LongTermNoteManagementService calculateCompetencyProgress should calculate progress with multiple assessments","invocations":1,"location":null,"numPassingAsserts":4,"retryReasons":[],"status":"passed","title":"should calculate progress with multiple assessments"},{"ancestorTitles":["LongTermNoteManagementService","calculateCompetencyProgress"],"duration":1,"failureDetails":[],"failureMessages":[],"fullName":"LongTermNoteManagementService calculateCompetencyProgress should identify improving trend","invocations":1,"location":null,"numPassingAsserts":2,"retryReasons":[],"status":"passed","title":"should identify improving trend"},{"ancestorTitles":["LongTermNoteManagementService","calculateCompetencyProgress"],"duration":0,"failureDetails":[],"failureMessages":[],"fullName":"LongTermNoteManagementService calculateCompetencyProgress should identify declining trend","invocations":1,"location":null,"numPassingAsserts":2,"retryReasons":[],"status":"passed","title":"should identify declining trend"},{"ancestorTitles":["LongTermNoteManagementService","calculateCompetencyProgress"],"duration":0,"failureDetails":[],"failureMessages":[],"fullName":"LongTermNoteManagementService calculateCompetencyProgress should identify stable trend","invocations":1,"location":null,"numPassingAsserts":1,"retryReasons":[],"status":"passed","title":"should identify stable trend"},{"ancestorTitles":["LongTermNoteManagementService","calculateCompetencyProgress"],"duration":1,"failureDetails":[],"failureMessages":[],"fullName":"LongTermNoteManagementService calculateCompetencyProgress should handle empty assessments","invocations":1,"location":null,"numPassingAsserts":3,"retryReasons":[],"status":"passed","title":"should handle empty assessments"},{"ancestorTitles":["LongTermNoteManagementService","identifyStudentsNeedingSupport"],"duration":0,"failureDetails":[],"failureMessages":[],"fullName":"LongTermNoteManagementService identifyStudentsNeedingSupport should identify students with multiple focus areas","invocations":1,"location":null,"numPassingAsserts":1,"retryReasons":[],"status":"passed","title":"should identify students with multiple focus areas"},{"ancestorTitles":["LongTermNoteManagementService","identifyStudentsNeedingSupport"],"duration":0,"failureDetails":[],"failureMessages":[],"fullName":"LongTermNoteManagementService identifyStudentsNeedingSupport should identify students with challenges","invocations":1,"location":null,"numPassingAsserts":1,"retryReasons":[],"status":"passed","title":"should identify students with challenges"},{"ancestorTitles":["LongTermNoteManagementService","identifyStudentsNeedingSupport"],"duration":1,"failureDetails":[],"failureMessages":[],"fullName":"LongTermNoteManagementService identifyStudentsNeedingSupport should use default criteria if not provided","invocations":1,"location":null,"numPassingAsserts":1,"retryReasons":[],"status":"passed","title":"should use default criteria if not provided"},{"ancestorTitles":["LongTermNoteManagementService","generateProgressSummary"],"duration":0,"failureDetails":[],"failureMessages":[],"fullName":"LongTermNoteManagementService generateProgressSummary should generate a text summary","invocations":1,"location":null,"numPassingAsserts":4,"retryReasons":[],"status":"passed","title":"should generate a text summary"},{"ancestorTitles":["LongTermNoteUIHelper","formatTrend"],"duration":0,"failureDetails":[],"failureMessages":[],"fullName":"LongTermNoteUIHelper formatTrend should format improving trend","invocations":1,"location":null,"numPassingAsserts":3,"retryReasons":[],"status":"passed","title":"should format improving trend"},{"ancestorTitles":["LongTermNoteUIHelper","formatTrend"],"duration":0,"failureDetails":[],"failureMessages":[],"fullName":"LongTermNoteUIHelper formatTrend should format declining trend","invocations":1,"location":null,"numPassingAsserts":3,"retryReasons":[],"status":"passed","title":"should format declining trend"},{"ancestorTitles":["LongTermNoteUIHelper","formatTrend"],"duration":1,"failureDetails":[],"failureMessages":[],"fullName":"LongTermNoteUIHelper formatTrend should format stable trend","invocations":1,"location":null,"numPassingAsserts":3,"retryReasons":[],"status":"passed","title":"should format stable trend"},{"ancestorTitles":["LongTermNoteUIHelper","formatTrend"],"duration":0,"failureDetails":[],"failureMessages":[],"fullName":"LongTermNoteUIHelper formatTrend should format new trend","invocations":1,"location":null,"numPassingAsserts":3,"retryReasons":[],"status":"passed","title":"should format new trend"},{"ancestorTitles":["LongTermNoteUIHelper","getTrendColor"],"duration":0,"failureDetails":[],"failureMessages":[],"fullName":"LongTermNoteUIHelper getTrendColor should return green for positive trend","invocations":1,"location":null,"numPassingAsserts":1,"retryReasons":[],"status":"passed","title":"should return green for positive trend"},{"ancestorTitles":["LongTermNoteUIHelper","getTrendColor"],"duration":0,"failureDetails":[],"failureMessages":[],"fullName":"LongTermNoteUIHelper getTrendColor should return light green for small positive","invocations":1,"location":null,"numPassingAsserts":1,"retryReasons":[],"status":"passed","title":"should return light green for small positive"},{"ancestorTitles":["LongTermNoteUIHelper","getTrendColor"],"duration":0,"failureDetails":[],"failureMessages":[],"fullName":"LongTermNoteUIHelper getTrendColor should return yellow for near zero","invocations":1,"location":null,"numPassingAsserts":1,"retryReasons":[],"status":"passed","title":"should return yellow for near zero"},{"ancestorTitles":["LongTermNoteUIHelper","getTrendColor"],"duration":0,"failureDetails":[],"failureMessages":[],"fullName":"LongTermNoteUIHelper getTrendColor should return red for negative trend","invocations":1,"location":null,"numPassingAsserts":1,"retryReasons":[],"status":"passed","title":"should return red for negative trend"},{"ancestorTitles":["LongTermNoteUIHelper","formatCategory"],"duration":0,"failureDetails":[],"failureMessages":[],"fullName":"LongTermNoteUIHelper formatCategory should format achievement category","invocations":1,"location":null,"numPassingAsserts":2,"retryReasons":[],"status":"passed","title":"should format achievement category"},{"ancestorTitles":["LongTermNoteUIHelper","formatCategory"],"duration":1,"failureDetails":[],"failureMessages":[],"fullName":"LongTermNoteUIHelper formatCategory should format challenge category","invocations":1,"location":null,"numPassingAsserts":2,"retryReasons":[],"status":"passed","title":"should format challenge category"},{"ancestorTitles":["LongTermNoteUIHelper","formatCategory"],"duration":0,"failureDetails":[],"failureMessages":[],"fullName":"LongTermNoteUIHelper formatCategory should format support category","invocations":1,"location":null,"numPassingAsserts":2,"retryReasons":[],"status":"passed","title":"should format support category"},{"ancestorTitles":["LongTermNoteUIHelper","formatCategory"],"duration":0,"failureDetails":[],"failureMessages":[],"fullName":"LongTermNoteUIHelper formatCategory should format observation category","invocations":1,"location":null,"numPassingAsserts":2,"retryReasons":[],"status":"passed","title":"should format observation category"}],"endTime":1776664582840,"message":"","name":"C:\\Users\\jaspe\\OneDrive\\Coding\\ViccoBoard\\modules\\exams\\tests\\long-term-note.service.test.ts","startTime":1776664582773,"status":"passed","summary":""},{"assertionResults":[{"ancestorTitles":["ExamRepository"],"duration":7,"failureDetails":[],"failureMessages":[],"fullName":"ExamRepository creates and reads an exam","invocations":1,"location":null,"numPassingAsserts":3,"retryReasons":[],"status":"passed","title":"creates and reads an exam"},{"ancestorTitles":["ExamRepository"],"duration":3,"failureDetails":[],"failureMessages":[],"fullName":"ExamRepository filters by class group and status","invocations":1,"location":null,"numPassingAsserts":4,"retryReasons":[],"status":"passed","title":"filters by class group and status"}],"endTime":1776664582926,"message":"","name":"C:\\Users\\jaspe\\OneDrive\\Coding\\ViccoBoard\\modules\\exams\\tests\\exam.repository.test.ts","startTime":1776664582851,"status":"passed","summary":""},{"assertionResults":[{"ancestorTitles":["TaskNodeRepository"],"duration":7,"failureDetails":[],"failureMessages":[],"fullName":"TaskNodeRepository creates and queries task nodes","invocations":1,"location":null,"numPassingAsserts":3,"retryReasons":[],"status":"passed","title":"creates and queries task nodes"}],"endTime":1776664583003,"message":"","name":"C:\\Users\\jaspe\\OneDrive\\Coding\\ViccoBoard\\modules\\exams\\tests\\task-node.repository.test.ts","startTime":1776664582930,"status":"passed","summary":""},{"assertionResults":[{"ancestorTitles":["ExamAnalysisService","analyzeDifficulty"],"duration":1,"failureDetails":[],"failureMessages":[],"fullName":"ExamAnalysisService analyzeDifficulty should calculate correct difficulty metrics for a task","invocations":1,"location":null,"numPassingAsserts":5,"retryReasons":[],"status":"passed","title":"should calculate correct difficulty metrics for a task"},{"ancestorTitles":["ExamAnalysisService","analyzeDifficulty"],"duration":0,"failureDetails":[],"failureMessages":[],"fullName":"ExamAnalysisService analyzeDifficulty should identify critical scores (below 50%)","invocations":1,"location":null,"numPassingAsserts":1,"retryReasons":[],"status":"passed","title":"should identify critical scores (below 50%)"},{"ancestorTitles":["ExamAnalysisService","analyzeDifficulty"],"duration":1,"failureDetails":[],"failureMessages":[],"fullName":"ExamAnalysisService analyzeDifficulty should identify excellent scores (above 80%)","invocations":1,"location":null,"numPassingAsserts":1,"retryReasons":[],"status":"passed","title":"should identify excellent scores (above 80%)"},{"ancestorTitles":["ExamAnalysisService","analyzeDifficulty"],"duration":0,"failureDetails":[],"failureMessages":[],"fullName":"ExamAnalysisService analyzeDifficulty should handle empty corrections gracefully","invocations":1,"location":null,"numPassingAsserts":3,"retryReasons":[],"status":"passed","title":"should handle empty corrections gracefully"},{"ancestorTitles":["ExamAnalysisService","analyzeDifficulty"],"duration":1,"failureDetails":[],"failureMessages":[],"fullName":"ExamAnalysisService analyzeDifficulty should calculate median correctly","invocations":1,"location":null,"numPassingAsserts":1,"retryReasons":[],"status":"passed","title":"should calculate median correctly"},{"ancestorTitles":["ExamAnalysisService","analyzeDifficulty"],"duration":0,"failureDetails":[],"failureMessages":[],"fullName":"ExamAnalysisService analyzeDifficulty should calculate standard deviation","invocations":1,"location":null,"numPassingAsserts":1,"retryReasons":[],"status":"passed","title":"should calculate standard deviation"},{"ancestorTitles":["ExamAnalysisService","analyzeExamDifficulty"],"duration":1,"failureDetails":[],"failureMessages":[],"fullName":"ExamAnalysisService analyzeExamDifficulty should analyze all tasks in exam","invocations":1,"location":null,"numPassingAsserts":3,"retryReasons":[],"status":"passed","title":"should analyze all tasks in exam"},{"ancestorTitles":["ExamAnalysisService","analyzeExamDifficulty"],"duration":0,"failureDetails":[],"failureMessages":[],"fullName":"ExamAnalysisService analyzeExamDifficulty should calculate overall exam statistics","invocations":1,"location":null,"numPassingAsserts":4,"retryReasons":[],"status":"passed","title":"should calculate overall exam statistics"},{"ancestorTitles":["ExamAnalysisService","analyzeExamDifficulty"],"duration":0,"failureDetails":[],"failureMessages":[],"fullName":"ExamAnalysisService analyzeExamDifficulty should build grade distribution","invocations":1,"location":null,"numPassingAsserts":2,"retryReasons":[],"status":"passed","title":"should build grade distribution"},{"ancestorTitles":["ExamAnalysisService","analyzeExamDifficulty"],"duration":0,"failureDetails":[],"failureMessages":[],"fullName":"ExamAnalysisService analyzeExamDifficulty should filter out uncompleted corrections","invocations":1,"location":null,"numPassingAsserts":1,"retryReasons":[],"status":"passed","title":"should filter out uncompleted corrections"},{"ancestorTitles":["ExamAnalysisService","identifyOutliers"],"duration":0,"failureDetails":[],"failureMessages":[],"fullName":"ExamAnalysisService identifyOutliers should identify very difficult tasks","invocations":1,"location":null,"numPassingAsserts":2,"retryReasons":[],"status":"passed","title":"should identify very difficult tasks"},{"ancestorTitles":["ExamAnalysisService","identifyOutliers"],"duration":0,"failureDetails":[],"failureMessages":[],"fullName":"ExamAnalysisService identifyOutliers should identify very easy tasks","invocations":1,"location":null,"numPassingAsserts":2,"retryReasons":[],"status":"passed","title":"should identify very easy tasks"},{"ancestorTitles":["ExamAnalysisService","suggestPointAdjustments"],"duration":0,"failureDetails":[],"failureMessages":[],"fullName":"ExamAnalysisService suggestPointAdjustments should return adjustment suggestions","invocations":1,"location":null,"numPassingAsserts":4,"retryReasons":[],"status":"passed","title":"should return adjustment suggestions"},{"ancestorTitles":["ExamAnalysisService","suggestPointAdjustments"],"duration":0,"failureDetails":[],"failureMessages":[],"fullName":"ExamAnalysisService suggestPointAdjustments should maintain total points across adjustments","invocations":1,"location":null,"numPassingAsserts":1,"retryReasons":[],"status":"passed","title":"should maintain total points across adjustments"},{"ancestorTitles":["ExamAnalysisService","suggestPointAdjustments"],"duration":0,"failureDetails":[],"failureMessages":[],"fullName":"ExamAnalysisService suggestPointAdjustments should track grade impact","invocations":1,"location":null,"numPassingAsserts":2,"retryReasons":[],"status":"passed","title":"should track grade impact"},{"ancestorTitles":["ExamAnalysisService","suggestPointAdjustments"],"duration":1,"failureDetails":[],"failureMessages":[],"fullName":"ExamAnalysisService suggestPointAdjustments should provide reasons for adjustments","invocations":1,"location":null,"numPassingAsserts":6,"retryReasons":[],"status":"passed","title":"should provide reasons for adjustments"},{"ancestorTitles":["ExamAnalysisService","suggestPointAdjustments"],"duration":0,"failureDetails":[],"failureMessages":[],"fullName":"ExamAnalysisService suggestPointAdjustments should actually adjust points for a task that is clearly too difficult","invocations":1,"location":null,"numPassingAsserts":2,"retryReasons":[],"status":"passed","title":"should actually adjust points for a task that is clearly too difficult"},{"ancestorTitles":["ExamAnalysisService","identifyStudentsAtRisk"],"duration":0,"failureDetails":[],"failureMessages":[],"fullName":"ExamAnalysisService identifyStudentsAtRisk should identify students below threshold","invocations":1,"location":null,"numPassingAsserts":2,"retryReasons":[],"status":"passed","title":"should identify students below threshold"},{"ancestorTitles":["ExamAnalysisService","identifyStudentsAtRisk"],"duration":0,"failureDetails":[],"failureMessages":[],"fullName":"ExamAnalysisService identifyStudentsAtRisk should classify risk levels correctly","invocations":1,"location":null,"numPassingAsserts":3,"retryReasons":[],"status":"passed","title":"should classify risk levels correctly"},{"ancestorTitles":["ExamAnalysisService","identifyStudentsAtRisk"],"duration":1,"failureDetails":[],"failureMessages":[],"fullName":"ExamAnalysisService identifyStudentsAtRisk should sort by percentage ascending","invocations":1,"location":null,"numPassingAsserts":0,"retryReasons":[],"status":"passed","title":"should sort by percentage ascending"},{"ancestorTitles":["ExamAnalysisService","identifyStudentsAtRisk"],"duration":0,"failureDetails":[],"failureMessages":[],"fullName":"ExamAnalysisService identifyStudentsAtRisk should calculate critical threshold as 70% of target","invocations":1,"location":null,"numPassingAsserts":6,"retryReasons":[],"status":"passed","title":"should calculate critical threshold as 70% of target"},{"ancestorTitles":["ExamAnalysisService","calculateTaskVariance"],"duration":1,"failureDetails":[],"failureMessages":[],"fullName":"ExamAnalysisService calculateTaskVariance should calculate variance for each task","invocations":1,"location":null,"numPassingAsserts":4,"retryReasons":[],"status":"passed","title":"should calculate variance for each task"},{"ancestorTitles":["ExamAnalysisService","calculateTaskVariance"],"duration":0,"failureDetails":[],"failureMessages":[],"fullName":"ExamAnalysisService calculateTaskVariance should return non-negative variance values","invocations":1,"location":null,"numPassingAsserts":3,"retryReasons":[],"status":"passed","title":"should return non-negative variance values"},{"ancestorTitles":["ExamAnalysisService","calculateTaskVariance"],"duration":0,"failureDetails":[],"failureMessages":[],"fullName":"ExamAnalysisService calculateTaskVariance should return 0 for tasks with no scores","invocations":1,"location":null,"numPassingAsserts":3,"retryReasons":[],"status":"passed","title":"should return 0 for tasks with no scores"},{"ancestorTitles":["ExamAnalysisService","calculateTaskVariance"],"duration":0,"failureDetails":[],"failureMessages":[],"fullName":"ExamAnalysisService calculateTaskVariance should calculate higher variance for more dispersed scores","invocations":1,"location":null,"numPassingAsserts":1,"retryReasons":[],"status":"passed","title":"should calculate higher variance for more dispersed scores"},{"ancestorTitles":["AnalysisUIHelper","formatDifficultyText"],"duration":0,"failureDetails":[],"failureMessages":[],"fullName":"AnalysisUIHelper formatDifficultyText should format very difficult (< 0.3)","invocations":1,"location":null,"numPassingAsserts":1,"retryReasons":[],"status":"passed","title":"should format very difficult (< 0.3)"},{"ancestorTitles":["AnalysisUIHelper","formatDifficultyText"],"duration":0,"failureDetails":[],"failureMessages":[],"fullName":"AnalysisUIHelper formatDifficultyText should format difficult (0.3-0.5)","invocations":1,"location":null,"numPassingAsserts":1,"retryReasons":[],"status":"passed","title":"should format difficult (0.3-0.5)"},{"ancestorTitles":["AnalysisUIHelper","formatDifficultyText"],"duration":0,"failureDetails":[],"failureMessages":[],"fullName":"AnalysisUIHelper formatDifficultyText should format moderate (0.5-0.7)","invocations":1,"location":null,"numPassingAsserts":1,"retryReasons":[],"status":"passed","title":"should format moderate (0.5-0.7)"},{"ancestorTitles":["AnalysisUIHelper","formatDifficultyText"],"duration":0,"failureDetails":[],"failureMessages":[],"fullName":"AnalysisUIHelper formatDifficultyText should format easy (0.7-0.85)","invocations":1,"location":null,"numPassingAsserts":1,"retryReasons":[],"status":"passed","title":"should format easy (0.7-0.85)"},{"ancestorTitles":["AnalysisUIHelper","formatDifficultyText"],"duration":0,"failureDetails":[],"failureMessages":[],"fullName":"AnalysisUIHelper formatDifficultyText should format very easy (> 0.85)","invocations":1,"location":null,"numPassingAsserts":1,"retryReasons":[],"status":"passed","title":"should format very easy (> 0.85)"},{"ancestorTitles":["AnalysisUIHelper","getDifficultyColor"],"duration":0,"failureDetails":[],"failureMessages":[],"fullName":"AnalysisUIHelper getDifficultyColor should return red for very difficult","invocations":1,"location":null,"numPassingAsserts":1,"retryReasons":[],"status":"passed","title":"should return red for very difficult"},{"ancestorTitles":["AnalysisUIHelper","getDifficultyColor"],"duration":0,"failureDetails":[],"failureMessages":[],"fullName":"AnalysisUIHelper getDifficultyColor should return orange for difficult","invocations":1,"location":null,"numPassingAsserts":1,"retryReasons":[],"status":"passed","title":"should return orange for difficult"},{"ancestorTitles":["AnalysisUIHelper","getDifficultyColor"],"duration":0,"failureDetails":[],"failureMessages":[],"fullName":"AnalysisUIHelper getDifficultyColor should return yellow for moderate","invocations":1,"location":null,"numPassingAsserts":1,"retryReaso
[...]
e","toNumericPoints"],"duration":0,"failureDetails":[],"failureMessages":[],"fullName":"AlternativeGradingService toNumericPoints should convert + grade to 85% of max points","invocations":1,"location":null,"numPassingAsserts":1,"retryReasons":[],"status":"passed","title":"should convert + grade to 85% of max points"},{"ancestorTitles":["AlternativeGradingService","toNumericPoints"],"duration":1,"failureDetails":[],"failureMessages":[],"fullName":"AlternativeGradingService toNumericPoints should convert 0 grade to 65% of max points","invocations":1,"location":null,"numPassingAsserts":1,"retryReasons":[],"status":"passed","title":"should convert 0 grade to 65% of max points"},{"ancestorTitles":["AlternativeGradingService","toNumericPoints"],"duration":0,"failureDetails":[],"failureMessages":[],"fullName":"AlternativeGradingService toNumericPoints should convert - grade to 45% of max points","invocations":1,"location":null,"numPassingAsserts":1,"retryReasons":[],"status":"passed","title":"should convert - grade to 45% of max points"},{"ancestorTitles":["AlternativeGradingService","toNumericPoints"],"duration":0,"failureDetails":[],"failureMessages":[],"fullName":"AlternativeGradingService toNumericPoints should convert -- grade to 0 points","invocations":1,"location":null,"numPassingAsserts":1,"retryReasons":[],"status":"passed","title":"should convert -- grade to 0 points"},{"ancestorTitles":["AlternativeGradingService","toNumericPoints"],"duration":1,"failureDetails":[],"failureMessages":[],"fullName":"AlternativeGradingService toNumericPoints should handle fractional max points correctly","invocations":1,"location":null,"numPassingAsserts":1,"retryReasons":[],"status":"passed","title":"should handle fractional max points correctly"},{"ancestorTitles":["AlternativeGradingService","toNumericPoints"],"duration":7,"failureDetails":[],"failureMessages":[],"fullName":"AlternativeGradingService toNumericPoints should throw error for invalid grade type","invocations":1,"location":null,"numPassingAsserts":1,"retryReasons":[],"status":"passed","title":"should throw error for invalid grade type"},{"ancestorTitles":["AlternativeGradingService","toNumericPoints"],"duration":0,"failureDetails":[],"failureMessages":[],"fullName":"AlternativeGradingService toNumericPoints should work with simplified scale","invocations":1,"location":null,"numPassingAsserts":3,"retryReasons":[],"status":"passed","title":"should work with simplified scale"},{"ancestorTitles":["AlternativeGradingService","fromNumericPoints"],"duration":1,"failureDetails":[],"failureMessages":[],"fullName":"AlternativeGradingService fromNumericPoints should convert 100% points to ++ grade","invocations":1,"location":null,"numPassingAsserts":1,"retryReasons":[],"status":"passed","title":"should convert 100% points to ++ grade"},{"ancestorTitles":["AlternativeGradingService","fromNumericPoints"],"duration":0,"failureDetails":[],"failureMessages":[],"fullName":"AlternativeGradingService fromNumericPoints should convert 85% points to + grade","invocations":1,"location":null,"numPassingAsserts":1,"retryReasons":[],"status":"passed","title":"should convert 85% points to + grade"},{"ancestorTitles":["AlternativeGradingService","fromNumericPoints"],"duration":0,"failureDetails":[],"failureMessages":[],"fullName":"AlternativeGradingService fromNumericPoints should convert 65% points to 0 grade","invocations":1,"location":null,"numPassingAsserts":1,"retryReasons":[],"status":"passed","title":"should convert 65% points to 0 grade"},{"ancestorTitles":["AlternativeGradingService","fromNumericPoints"],"duration":1,"failureDetails":[],"failureMessages":[],"fullName":"AlternativeGradingService fromNumericPoints should convert 45% points to - grade","invocations":1,"location":null,"numPassingAsserts":1,"retryReasons":[],"status":"passed","title":"should convert 45% points to - grade"},{"ancestorTitles":["AlternativeGradingService","fromNumericPoints"],"duration":0,"failureDetails":[],"failureMessages":[],"fullName":"AlternativeGradingService fromNumericPoints should convert 0% points to -- grade","invocations":1,"location":null,"numPassingAsserts":1,"retryReasons":[],"status":"passed","title":"should convert 0% points to -- grade"},{"ancestorTitles":["AlternativeGradingService","fromNumericPoints"],"duration":0,"failureDetails":[],"failureMessages":[],"fullName":"AlternativeGradingService fromNumericPoints should find closest match for non-exact percentages","invocations":1,"location":null,"numPassingAsserts":2,"retryReasons":[],"status":"passed","title":"should find closest match for non-exact percentages"},{"ancestorTitles":["AlternativeGradingService","fromNumericPoints"],"duration":1,"failureDetails":[],"failureMessages":[],"fullName":"AlternativeGradingService fromNumericPoints should handle zero max points","invocations":1,"location":null,"numPassingAsserts":1,"retryReasons":[],"status":"passed","title":"should handle zero max points"},{"ancestorTitles":["AlternativeGradingService","fromNumericPoints"],"duration":0,"failureDetails":[],"failureMessages":[],"fullName":"AlternativeGradingService fromNumericPoints should work with different max points","invocations":1,"location":null,"numPassingAsserts":1,"retryReasons":[],"status":"passed","title":"should work with different max points"},{"ancestorTitles":["AlternativeGradingService","getGradeConfig"],"duration":0,"failureDetails":[],"failureMessages":[],"fullName":"AlternativeGradingService getGradeConfig should return config for ++ grade","invocations":1,"location":null,"numPassingAsserts":3,"retryReasons":[],"status":"passed","title":"should return config for ++ grade"},{"ancestorTitles":["AlternativeGradingService","getGradeConfig"],"duration":0,"failureDetails":[],"failureMessages":[],"fullName":"AlternativeGradingService getGradeConfig should return config for -- grade","invocations":1,"location":null,"numPassingAsserts":3,"retryReasons":[],"status":"passed","title":"should return config for -- grade"},{"ancestorTitles":["AlternativeGradingService","getGradeConfig"],"duration":0,"failureDetails":[],"failureMessages":[],"fullName":"AlternativeGradingService getGradeConfig should throw error for invalid grade","invocations":1,"location":null,"numPassingAsserts":1,"retryReasons":[],"status":"passed","title":"should throw error for invalid grade"},{"ancestorTitles":["AlternativeGradingService","createAlternativeGrading"],"duration":0,"failureDetails":[],"failureMessages":[],"fullName":"AlternativeGradingService createAlternativeGrading should create alternative grading object","invocations":1,"location":null,"numPassingAsserts":2,"retryReasons":[],"status":"passed","title":"should create alternative grading object"},{"ancestorTitles":["AlternativeGradingService","createAlternativeGrading"],"duration":1,"failureDetails":[],"failureMessages":[],"fullName":"AlternativeGradingService createAlternativeGrading should set correct points for each grade","invocations":1,"location":null,"numPassingAsserts":5,"retryReasons":[],"status":"passed","title":"should set correct points for each grade"},{"ancestorTitles":["AlternativeGradingService","calculateWeightedAverage"],"duration":0,"failureDetails":[],"failureMessages":[],"fullName":"AlternativeGradingService calculateWeightedAverage should calculate weighted average correctly","invocations":1,"location":null,"numPassingAsserts":1,"retryReasons":[],"status":"passed","title":"should calculate weighted average correctly"},{"ancestorTitles":["AlternativeGradingService","calculateWeightedAverage"],"duration":0,"failureDetails":[],"failureMessages":[],"fullName":"AlternativeGradingService calculateWeightedAverage should handle single score","invocations":1,"location":null,"numPassingAsserts":1,"retryReasons":[],"status":"passed","title":"should handle single score"},{"ancestorTitles":["AlternativeGradingService","calculateWeightedAverage"],"duration":0,"failureDetails":[],"failureMessages":[],"fullName":"AlternativeGradingService calculateWeightedAverage should return 0 for empty scores","invocations":1,"location":null,"numPassingAsserts":1,"retryReasons":[],"status":"passed","title":"should return 0 for empty scores"},{"ancestorTitles":["AlternativeGradingService","calculateWeightedAverage"],"duration":0,"failureDetails":[],"failureMessages":[],"fullName":"AlternativeGradingService calculateWeightedAverage should handle zero weights","invocations":1,"location":null,"numPassingAsserts":1,"retryReasons":[],"status":"passed","title":"should handle zero weights"},{"ancestorTitles":["AlternativeGradingService","isValidGradeType"],"duration":1,"failureDetails":[],"failureMessages":[],"fullName":"AlternativeGradingService isValidGradeType should validate valid grade types","invocations":1,"location":null,"numPassingAsserts":5,"retryReasons":[],"status":"passed","title":"should validate valid grade types"},{"ancestorTitles":["AlternativeGradingService","isValidGradeType"],"duration":0,"failureDetails":[],"failureMessages":[],"fullName":"AlternativeGradingService isValidGradeType should reject invalid grade types","invocations":1,"location":null,"numPassingAsserts":3,"retryReasons":[],"status":"passed","title":"should reject invalid grade types"},{"ancestorTitles":["AlternativeGradingService","formatGrade"],"duration":0,"failureDetails":[],"failureMessages":[],"fullName":"AlternativeGradingService formatGrade should format grade with emoji and description","invocations":1,"location":null,"numPassingAsserts":3,"retryReasons":[],"status":"passed","title":"should format grade with emoji and description"},{"ancestorTitles":["AlternativeGradingService","formatGrade"],"duration":1,"failureDetails":[],"failureMessages":[],"fullName":"AlternativeGradingService formatGrade should format all grades","invocations":1,"location":null,"numPassingAsserts":10,"retryReasons":[],"status":"passed","title":"should format all grades"},{"ancestorTitles":["AlternativeGradingService","getAvailableScales"],"duration":0,"failureDetails":[],"failureMessages":[],"fullName":"AlternativeGradingService getAvailableScales should return available scales","invocations":1,"location":null,"numPassingAsserts":3,"retryReasons":[],"status":"passed","title":"should return available scales"},{"ancestorTitles":["AlternativeGradingUIHelper"],"duration":1,"failureDetails":[],"failureMessages":[],"fullName":"AlternativeGradingUIHelper should get grade button props","invocations":1,"location":null,"numPassingAsserts":3,"retryReasons":[],"status":"passed","title":"should get grade button props"},{"ancestorTitles":["AlternativeGradingUIHelper"],"duration":0,"failureDetails":[],"failureMessages":[],"fullName":"AlternativeGradingUIHelper should get all grade buttons","invocations":1,"location":null,"numPassingAsserts":3,"retryReasons":[],"status":"passed","title":"should get all grade buttons"},{"ancestorTitles":["AlternativeGradingUIHelper"],"duration":0,"failureDetails":[],"failureMessages":[],"fullName":"AlternativeGradingUIHelper should work with simplified scale","invocations":1,"location":null,"numPassingAsserts":1,"retryReasons":[],"status":"passed","title":"should work with simplified scale"}],"endTime":1776664583308,"message":"","name":"C:\\Users\\jaspe\\OneDrive\\Coding\\ViccoBoard\\modules\\exams\\tests\\alternative-grading.service.test.ts","startTime":1776664583244,"status":"passed","summary":""},{"assertionResults":[{"ancestorTitles":["GradingKeyService","calculateGrade"],"duration":1,"failureDetails":[],"failureMessages":[],"fullName":"GradingKeyService calculateGrade should calculate grade 1 for 95 points out of 100","invocations":1,"location":null,"numPassingAsserts":2,"retryReasons":[],"status":"passed","title":"should calculate grade 1 for 95 points out of 100"},{"ancestorTitles":["GradingKeyService","calculateGrade"],"duration":0,"failureDetails":[],"failureMessages":[],"fullName":"GradingKeyService calculateGrade should calculate grade 3 for 75 points out of 100","invocations":1,"location":null,"numPassingAsserts":1,"retryReasons":[],"status":"passed","title":"should calculate grade 3 for 75 points out of 100"},{"ancestorTitles":["GradingKeyService","calculateGrade"],"duration":1,"failureDetails":[],"failureMessages":[],"fullName":"GradingKeyService calculateGrade should calculate grade 6 for 30 points out of 100","invocations":1,"location":null,"numPassingAsserts":1,"retryReasons":[],"status":"passed","title":"should calculate grade 6 for 30 points out of 100"},{"ancestorTitles":["GradingKeyService","calculateGrade"],"duration":0,"failureDetails":[],"failureMessages":[],"fullName":"GradingKeyService calculateGrade should calculate grade 1 for a perfect score (100 out of 100)","invocations":1,"location":null,"numPassingAsserts":1,"retryReasons":[],"status":"passed","title":"should calculate grade 1 for a perfect score (100 out of 100)"},{"ancestorTitles":["GradingKeyService","calculateGrade"],"duration":0,"failureDetails":[],"failureMessages":[],"fullName":"GradingKeyService calculateGrade should handle boundary cases correctly","invocations":1,"location":null,"numPassingAsserts":2,"retryReasons":[],"status":"passed","title":"should handle boundary cases correctly"},{"ancestorTitles":["GradingKeyService","applyRounding"],"duration":0,"failureDetails":[],"failureMessages":[],"fullName":"GradingKeyService applyRounding should round up","invocations":1,"location":null,"numPassingAsserts":1,"retryReasons":[],"status":"passed","title":"should round up"},{"ancestorTitles":["GradingKeyService","applyRounding"],"duration":0,"failureDetails":[],"failureMessages":[],"fullName":"GradingKeyService applyRounding should round down","invocations":1,"location":null,"numPassingAsserts":1,"retryReasons":[],"status":"passed","title":"should round down"},{"ancestorTitles":["GradingKeyService","applyRounding"],"duration":0,"failureDetails":[],"failureMessages":[],"fullName":"GradingKeyService applyRounding should round to nearest","invocations":1,"location":null,"numPassingAsserts":1,"retryReasons":[],"status":"passed","title":"should round to nearest"},{"ancestorTitles":["GradingKeyService","applyRounding"],"duration":0,"failureDetails":[],"failureMessages":[],"fullName":"GradingKeyService applyRounding should not round when type is none","invocations":1,"location":null,"numPassingAsserts":1,"retryReasons":[],"status":"passed","title":"should not round when type is none"},{"ancestorTitles":["GradingKeyService","calculatePercentage"],"duration":0,"failureDetails":[],"failureMessages":[],"fullName":"GradingKeyService calculatePercentage should calculate 75%","invocations":1,"location":null,"numPassingAsserts":1,"retryReasons":[],"status":"passed","title":"should calculate 75%"},{"ancestorTitles":["GradingKeyService","calculatePercentage"],"duration":0,"failureDetails":[],"failureMessages":[],"fullName":"GradingKeyService calculatePercentage should handle edge cases","invocations":1,"location":null,"numPassingAsserts":1,"retryReasons":[],"status":"passed","title":"should handle edge cases"},{"ancestorTitles":["GradingKeyService","calculatePercentage"],"duration":0,"failureDetails":[],"failureMessages":[],"fullName":"GradingKeyService calculatePercentage should return 0 for 0 max points","invocations":1,"location":null,"numPassingAsserts":1,"retryReasons":[],"status":"passed","title":"should return 0 for 0 max points"},{"ancestorTitles":["GradingKeyService","pointsToNextGrade"],"duration":1,"failureDetails":[],"failureMessages":[],"fullName":"GradingKeyService pointsToNextGrade should calculate points needed to reach next grade","invocations":1,"location":null,"numPassingAsserts":1,"retryReasons":[],"status":"passed","title":"should calculate points needed to reach next grade"},{"ancestorTitles":["GradingKeyService","pointsToNextGrade"],"duration":0,"failureDetails":[],"failureMessages":[],"fullName":"GradingKeyService pointsToNextGrade should return 0 when already at highest grade","invocations":1,"location":null,"numPassingAsserts":1,"retryReasons":[],"status":"passed","title":"should return 0 when already at highest grade"},{"ancestorTitles":["GradingKeyService","GERMAN_1_6_PRESET"],"duration":0,"failureDetails":[],"failureMessages":[],"fullName":"GradingKeyService GERMAN_1_6_PRESET should have correct structure","invocations":1,"location":null,"numPassingAsserts":6,"retryReasons":[],"status":"passed","title":"should have correct structure"},{"ancestorTitles":["GradingKeyService","generatePointsBoundaries"],"duration":1,"failureDetails":[],"failureMessages":[],"fullName":"GradingKeyService generatePointsBoundaries should assign grade 1 for a perfect score via points-based grading","invocations":1,"location":null,"numPassingAsserts":1,"retryReasons":[],"status":"passed","title":"should assign grade 1 for a perfect score via points-based grading"},{"ancestorTitles":["GradingKeyService","GERMAN_0_15_PRESET"],"duration":0,"failureDetails":[],"failureMessages":[],"fullName":"GradingKeyService GERMAN_0_15_PRESET should have correct structure","invocations":1,"location":null,"numPassingAsserts":5,"retryReasons":[],"status":"passed","title":"should have correct structure"},{"ancestorTitles":["GradingKeyService","KBR_GRADING_PRESETS"],"duration":0,"failureDetails":[],"failureMessages":[],"fullName":"GradingKeyService KBR_GRADING_PRESETS should expose both KBR presets for the UI","invocations":1,"location":null,"numPassingAsserts":1,"retryReasons":[],"status":"passed","title":"should expose both KBR presets for the UI"}],"endTime":1776664583365,"message":"","name":"C:\\Users\\jaspe\\OneDrive\\Coding\\ViccoBoard\\modules\\exams\\tests\\grading-key.service.test.ts","startTime":1776664583310,"status":"passed","summary":""},{"assertionResults":[{"ancestorTitles":["Exams module basic"],"duration":1,"failureDetails":[],"failureMessages":[],"fullName":"Exams module basic creates a simple exam payload","invocations":1,"location":null,"numPassingAsserts":3,"retryReasons":[],"status":"passed","title":"creates a simple exam payload"}],"endTime":1776664583427,"message":"","name":"C:\\Users\\jaspe\\OneDrive\\Coding\\ViccoBoard\\modules\\exams\\tests\\create-exam.use-case.test.ts","startTime":1776664583372,"status":"passed","summary":""},{"assertionResults":[{"ancestorTitles":["CalculateGradeUseCase"],"duration":1,"failureDetails":[],"failureMessages":[],"fullName":"CalculateGradeUseCase calculates percentage when no boundaries are provided","invocations":1,"location":null,"numPassingAsserts":2,"retryReasons":[],"status":"passed","title":"calculates percentage when no boundaries are provided"},{"ancestorTitles":["CalculateGradeUseCase"],"duration":1,"failureDetails":[],"failureMessages":[],"fullName":"CalculateGradeUseCase picks the best matching boundary","invocations":1,"location":null,"numPassingAsserts":1,"retryReasons":[],"status":"passed","title":"picks the best matching boundary"}],"endTime":1776664583480,"message":"","name":"C:\\Users\\jaspe\\OneDrive\\Coding\\ViccoBoard\\modules\\exams\\tests\\calculate-grade.use-case.test.ts","startTime":1776664583429,"status":"passed","summary":""},{"assertionResults":[{"ancestorTitles":["task tree helpers"],"duration":1,"failureDetails":[],"failureMessages":[],"fullName":"task tree helpers returns only root tasks for total calculations","invocations":1,"location":null,"numPassingAsserts":2,"retryReasons":[],"status":"passed","title":"returns only root tasks for total calculations"},{"ancestorTitles":["task tree helpers"],"duration":1,"failureDetails":[],"failureMessages":[],"fullName":"task tree helpers returns only leaf tasks for correction-relevant scoring","invocations":1,"location":null,"numPassingAsserts":1,"retryReasons":[],"status":"passed","title":"returns only leaf tasks for correction-relevant scoring"}],"endTime":1776664583528,"message":"","name":"C:\\Users\\jaspe\\OneDrive\\Coding\\ViccoBoard\\modules\\exams\\tests\\task-tree.test.ts","startTime":1776664583483,"status":"passed","summary":""}],"wasInterrupted":false}
